level;timestamp;external_id;external_id_prop;wdid;msg;msg_type;revid
INFO;01/06/2023 11:00:21;10.1158/1538-7445.AM2015-5126;P356;Q116046910;CREATE;None;1804708011
INFO;01/06/2023 11:00:28;10.1158/1538-7445.AM2014-LB-95;P356;Q116046915;CREATE;None;1804708125
INFO;01/06/2023 11:02:06;10.1158/1538-7445.AM2013-2720;P356;Q116046935;CREATE;None;1804709304
INFO;01/06/2023 11:02:36;10.3906/vet-1106-15;P356;Q116046936;CREATE;None;1804709765
INFO;01/06/2023 11:03:45;10.1158/1538-7445.AM2012-5258;P356;Q116046942;CREATE;None;1804710582
INFO;01/06/2023 11:05:56;10.1158/1538-7445.AM2015-74;P356;Q116046954;CREATE;None;1804712089
INFO;01/06/2023 11:06:34;10.1158/1538-7445.AM2014-3622;P356;Q116046974;CREATE;None;1804712634
INFO;01/06/2023 11:06:44;10.1158/1055-9965.DISP-11-A64;P356;Q116046978;CREATE;None;1804712757
INFO;01/06/2023 11:09:58;10.1158/1538-7445.AM2020-507;P356;Q116047027;CREATE;None;1804715080
INFO;01/06/2023 11:17:27;10.1158/1538-7755.DISP21-PO-138;P356;Q116047140;CREATE;None;1804720371
ERROR;01/06/2023 11:21:03;10.47853/FAS.2021.e36;P356;;"{'error': {'code': 'modification-failed', 'info': 'String should not start or end with whitespace nor include vertical whitespace or tabs: Investigation of gene expression in primary embryonic cell line (FGBC8) from olive flounder Paralichthys olivaceus', 'messages': [{'name': 'wikibase-validator-illegal-string-chars', 'parameters': ['Investigation of gene expression in primary embryonic cell line\n                    (FGBC8) from olive flounder Paralichthys\n                    olivaceus'], 'html': {'*': '<p>String should not start or end with whitespace nor include vertical whitespace or tabs: Investigation of gene expression in primary embryonic cell line\n</p>\n<pre>                   (FGBC8) from olive flounder Paralichthys\n                   olivaceus\n</pre>'}}], '*': 'See https://www.wikidata.org/w/api.php for API usage. Subscribe to the mediawiki-api-announce mailing list at &lt;https://lists.wikimedia.org/postorius/lists/mediawiki-api-announce.lists.wikimedia.org/&gt; for notice of API deprecations and breaking changes.'}, 'servedby': 'mw1363'}";<class 'wikidataintegrator.wdi_core.WDApiError'>
ERROR;01/06/2023 11:22:33;"10.1577/1548-8667(1990)002<0061:COACLD>2.3.CO;2";P356;;"{'error': {'code': 'modification-failed', 'info': 'URLs are not allowed to contain certain characters like spaces or square brackets: https://api.crossref.org/v1/works/https://doi.org/10.1577/1548-8667(1990)002<0061:COACLD>2.3.CO;2', 'messages': [{'name': 'wikibase-validator-bad-url', 'parameters': ['https://api.crossref.org/v1/works/https://doi.org/10.1577/1548-8667(1990)002<0061:COACLD>2.3.CO;2'], 'html': {'*': 'URLs are not allowed to contain certain characters like spaces or square brackets: <a rel=\'nofollow\' class=\'external free\' href=\'https://api.crossref.org/v1/works/https://doi.org/10.1577/1548-8667(1990)002\'>https://api.crossref.org/v1/works/https://doi.org/10.1577/1548-8667(1990)002</a>&lt;0061:COACLD&gt;2.3.CO;2'}}], '*': 'See https://www.wikidata.org/w/api.php for API usage. Subscribe to the mediawiki-api-announce mailing list at &lt;https://lists.wikimedia.org/postorius/lists/mediawiki-api-announce.lists.wikimedia.org/&gt; for notice of API deprecations and breaking changes.'}, 'servedby': 'mw1491'}";<class 'wikidataintegrator.wdi_core.WDApiError'>
ERROR;01/06/2023 11:22:46;10.1111/are.15702;P356;;"{'error': {'code': 'modification-failed', 'info': 'String should not start or end with whitespace nor include vertical whitespace or tabs: Development and characterization of a new cell line from brain tissues of the rare minnow ( Gobiocypris rarus )', 'messages': [{'name': 'wikibase-validator-illegal-string-chars', 'parameters': ['Development and characterization of a new cell line from brain tissues of the rare minnow (\n            <i>Gobiocypris rarus</i>\n            )'], 'html': {'*': '<p>String should not start or end with whitespace nor include vertical whitespace or tabs: Development and characterization of a new cell line from brain tissues of the rare minnow (\n</p>\n<pre>           <i>Gobiocypris rarus</i>\n           )\n</pre>'}}], '*': 'See https://www.wikidata.org/w/api.php for API usage. Subscribe to the mediawiki-api-announce mailing list at &lt;https://lists.wikimedia.org/postorius/lists/mediawiki-api-announce.lists.wikimedia.org/&gt; for notice of API deprecations and breaking changes.'}, 'servedby': 'mw1447'}";<class 'wikidataintegrator.wdi_core.WDApiError'>
ERROR;01/06/2023 11:23:15;10.1002/cnr2.1110;P356;;"{'error': {'code': 'modification-failed', 'info': 'String should not start or end with whitespace nor include vertical whitespace or tabs: WT\u2010CLS1 is a rhabdoid tumor cell line and can be inhibited by miR \u201016', 'messages': [{'name': 'wikibase-validator-illegal-string-chars', 'parameters': ['<scp>WT\u2010CLS1</scp>\n            is a rhabdoid tumor cell line and can be inhibited by\n            <scp>miR</scp>\n            \u201016'], 'html': {'*': '<p>String should not start or end with whitespace nor include vertical whitespace or tabs: &lt;scp&gt;WT\u2010CLS1&lt;/scp&gt;\n</p>\n<pre>           is a rhabdoid tumor cell line and can be inhibited by\n           &lt;scp&gt;miR&lt;/scp&gt;\n           \u201016\n</pre>'}}], '*': 'See https://www.wikidata.org/w/api.php for API usage. Subscribe to the mediawiki-api-announce mailing list at &lt;https://lists.wikimedia.org/postorius/lists/mediawiki-api-announce.lists.wikimedia.org/&gt; for notice of API deprecations and breaking changes.'}, 'servedby': 'mw1428'}";<class 'wikidataintegrator.wdi_core.WDApiError'>
ERROR;01/06/2023 11:25:05;"10.1577/1548-8667(1994)006<0260:SOFNSC>2.3.CO;2";P356;;"{'error': {'code': 'modification-failed', 'info': 'URLs are not allowed to contain certain characters like spaces or square brackets: https://api.crossref.org/v1/works/https://doi.org/10.1577/1548-8667(1994)006<0260:SOFNSC>2.3.CO;2', 'messages': [{'name': 'wikibase-validator-bad-url', 'parameters': ['https://api.crossref.org/v1/works/https://doi.org/10.1577/1548-8667(1994)006<0260:SOFNSC>2.3.CO;2'], 'html': {'*': 'URLs are not allowed to contain certain characters like spaces or square brackets: <a rel=\'nofollow\' class=\'external free\' href=\'https://api.crossref.org/v1/works/https://doi.org/10.1577/1548-8667(1994)006\'>https://api.crossref.org/v1/works/https://doi.org/10.1577/1548-8667(1994)006</a>&lt;0260:SOFNSC&gt;2.3.CO;2'}}], '*': 'See https://www.wikidata.org/w/api.php for API usage. Subscribe to the mediawiki-api-announce mailing list at &lt;https://lists.wikimedia.org/postorius/lists/mediawiki-api-announce.lists.wikimedia.org/&gt; for notice of API deprecations and breaking changes.'}, 'servedby': 'mw1382'}";<class 'wikidataintegrator.wdi_core.WDApiError'>
ERROR;01/06/2023 11:28:32;"10.1577/1548-8659(1991)120<0528:TCLFWS>2.3.CO;2";P356;;"{'error': {'code': 'modification-failed', 'info': 'URLs are not allowed to contain certain characters like spaces or square brackets: https://api.crossref.org/v1/works/https://doi.org/10.1577/1548-8659(1991)120<0528:TCLFWS>2.3.CO;2', 'messages': [{'name': 'wikibase-validator-bad-url', 'parameters': ['https://api.crossref.org/v1/works/https://doi.org/10.1577/1548-8659(1991)120<0528:TCLFWS>2.3.CO;2'], 'html': {'*': 'URLs are not allowed to contain certain characters like spaces or square brackets: <a rel=\'nofollow\' class=\'external free\' href=\'https://api.crossref.org/v1/works/https://doi.org/10.1577/1548-8659(1991)120\'>https://api.crossref.org/v1/works/https://doi.org/10.1577/1548-8659(1991)120</a>&lt;0528:TCLFWS&gt;2.3.CO;2'}}], '*': 'See https://www.wikidata.org/w/api.php for API usage. Subscribe to the mediawiki-api-announce mailing list at &lt;https://lists.wikimedia.org/postorius/lists/mediawiki-api-announce.lists.wikimedia.org/&gt; for notice of API deprecations and breaking changes.'}, 'servedby': 'mw1398'}";<class 'wikidataintegrator.wdi_core.WDApiError'>
ERROR;01/06/2023 11:28:50;"10.1577/1548-8667(1993)005<0119:DOCCDF>2.3.CO;2";P356;;"{'error': {'code': 'modification-failed', 'info': 'URLs are not allowed to contain certain characters like spaces or square brackets: https://api.crossref.org/v1/works/https://doi.org/10.1577/1548-8667(1993)005<0119:DOCCDF>2.3.CO;2', 'messages': [{'name': 'wikibase-validator-bad-url', 'parameters': ['https://api.crossref.org/v1/works/https://doi.org/10.1577/1548-8667(1993)005<0119:DOCCDF>2.3.CO;2'], 'html': {'*': 'URLs are not allowed to contain certain characters like spaces or square brackets: <a rel=\'nofollow\' class=\'external free\' href=\'https://api.crossref.org/v1/works/https://doi.org/10.1577/1548-8667(1993)005\'>https://api.crossref.org/v1/works/https://doi.org/10.1577/1548-8667(1993)005</a>&lt;0119:DOCCDF&gt;2.3.CO;2'}}], '*': 'See https://www.wikidata.org/w/api.php for API usage. Subscribe to the mediawiki-api-announce mailing list at &lt;https://lists.wikimedia.org/postorius/lists/mediawiki-api-announce.lists.wikimedia.org/&gt; for notice of API deprecations and breaking changes.'}, 'servedby': 'mw1492'}";<class 'wikidataintegrator.wdi_core.WDApiError'>
ERROR;01/06/2023 11:28:56;"10.1002/1438-826X(200005)1:1<48::AID-GNFD48>3.0.CO;2-B";P356;;"{'error': {'code': 'modification-failed', 'info': 'URLs are not allowed to contain certain characters like spaces or square brackets: https://api.crossref.org/v1/works/https://doi.org/10.1002/1438-826X(200005)1:1<48::AID-GNFD48>3.0.CO;2-B', 'messages': [{'name': 'wikibase-validator-bad-url', 'parameters': ['https://api.crossref.org/v1/works/https://doi.org/10.1002/1438-826X(200005)1:1<48::AID-GNFD48>3.0.CO;2-B'], 'html': {'*': 'URLs are not allowed to contain certain characters like spaces or square brackets: <a rel=\'nofollow\' class=\'external free\' href=\'https://api.crossref.org/v1/works/https://doi.org/10.1002/1438-826X(200005)1:1\'>https://api.crossref.org/v1/works/https://doi.org/10.1002/1438-826X(200005)1:1</a>&lt;48::AID-GNFD48&gt;3.0.CO;2-B'}}], '*': 'See https://www.wikidata.org/w/api.php for API usage. Subscribe to the mediawiki-api-announce mailing list at &lt;https://lists.wikimedia.org/postorius/lists/mediawiki-api-announce.lists.wikimedia.org/&gt; for notice of API deprecations and breaking changes.'}, 'servedby': 'mw1358'}";<class 'wikidataintegrator.wdi_core.WDApiError'>
ERROR;01/06/2023 11:29:39;"10.1577/1548-8454(2003)065<0044:SNTOTG>2.0.CO;2";P356;;"{'error': {'code': 'modification-failed', 'info': 'URLs are not allowed to contain certain characters like spaces or square brackets: https://api.crossref.org/v1/works/https://doi.org/10.1577/1548-8454(2003)065<0044:SNTOTG>2.0.CO;2', 'messages': [{'name': 'wikibase-validator-bad-url', 'parameters': ['https://api.crossref.org/v1/works/https://doi.org/10.1577/1548-8454(2003)065<0044:SNTOTG>2.0.CO;2'], 'html': {'*': 'URLs are not allowed to contain certain characters like spaces or square brackets: <a rel=\'nofollow\' class=\'external free\' href=\'https://api.crossref.org/v1/works/https://doi.org/10.1577/1548-8454(2003)065\'>https://api.crossref.org/v1/works/https://doi.org/10.1577/1548-8454(2003)065</a>&lt;0044:SNTOTG&gt;2.0.CO;2'}}], '*': 'See https://www.wikidata.org/w/api.php for API usage. Subscribe to the mediawiki-api-announce mailing list at &lt;https://lists.wikimedia.org/postorius/lists/mediawiki-api-announce.lists.wikimedia.org/&gt; for notice of API deprecations and breaking changes.'}, 'servedby': 'mw1443'}";<class 'wikidataintegrator.wdi_core.WDApiError'>
ERROR;01/06/2023 11:32:37;"10.1577/1548-8667(1993)005<0137:EACOSC>2.3.CO;2";P356;;"{'error': {'code': 'modification-failed', 'info': 'URLs are not allowed to contain certain characters like spaces or square brackets: https://api.crossref.org/v1/works/https://doi.org/10.1577/1548-8667(1993)005<0137:EACOSC>2.3.CO;2', 'messages': [{'name': 'wikibase-validator-bad-url', 'parameters': ['https://api.crossref.org/v1/works/https://doi.org/10.1577/1548-8667(1993)005<0137:EACOSC>2.3.CO;2'], 'html': {'*': 'URLs are not allowed to contain certain characters like spaces or square brackets: <a rel=\'nofollow\' class=\'external free\' href=\'https://api.crossref.org/v1/works/https://doi.org/10.1577/1548-8667(1993)005\'>https://api.crossref.org/v1/works/https://doi.org/10.1577/1548-8667(1993)005</a>&lt;0137:EACOSC&gt;2.3.CO;2'}}], '*': 'See https://www.wikidata.org/w/api.php for API usage. Subscribe to the mediawiki-api-announce mailing list at &lt;https://lists.wikimedia.org/postorius/lists/mediawiki-api-announce.lists.wikimedia.org/&gt; for notice of API deprecations and breaking changes.'}, 'servedby': 'mw1410'}";<class 'wikidataintegrator.wdi_core.WDApiError'>
ERROR;01/06/2023 11:37:46;"10.1577/1548-8667(1993)005<0127:COTCCL>2.3.CO;2";P356;;"{'error': {'code': 'modification-failed', 'info': 'URLs are not allowed to contain certain characters like spaces or square brackets: https://api.crossref.org/v1/works/https://doi.org/10.1577/1548-8667(1993)005<0127:COTCCL>2.3.CO;2', 'messages': [{'name': 'wikibase-validator-bad-url', 'parameters': ['https://api.crossref.org/v1/works/https://doi.org/10.1577/1548-8667(1993)005<0127:COTCCL>2.3.CO;2'], 'html': {'*': 'URLs are not allowed to contain certain characters like spaces or square brackets: <a rel=\'nofollow\' class=\'external free\' href=\'https://api.crossref.org/v1/works/https://doi.org/10.1577/1548-8667(1993)005\'>https://api.crossref.org/v1/works/https://doi.org/10.1577/1548-8667(1993)005</a>&lt;0127:COTCCL&gt;2.3.CO;2'}}], '*': 'See https://www.wikidata.org/w/api.php for API usage. Subscribe to the mediawiki-api-announce mailing list at &lt;https://lists.wikimedia.org/postorius/lists/mediawiki-api-announce.lists.wikimedia.org/&gt; for notice of API deprecations and breaking changes.'}, 'servedby': 'mw1402'}";<class 'wikidataintegrator.wdi_core.WDApiError'>
INFO;01/06/2023 11:39:32;10.4044/joma1947.97.7-8_701;P356;Q116047443;CREATE;None;1804736474
ERROR;01/06/2023 11:40:07;"10.1577/1548-8667(1995)007<0231:LIRD>2.3.CO;2";P356;;"{'error': {'code': 'modification-failed', 'info': 'URLs are not allowed to contain certain characters like spaces or square brackets: https://api.crossref.org/v1/works/https://doi.org/10.1577/1548-8667(1995)007<0231:LIRD>2.3.CO;2', 'messages': [{'name': 'wikibase-validator-bad-url', 'parameters': ['https://api.crossref.org/v1/works/https://doi.org/10.1577/1548-8667(1995)007<0231:LIRD>2.3.CO;2'], 'html': {'*': 'URLs are not allowed to contain certain characters like spaces or square brackets: <a rel=\'nofollow\' class=\'external free\' href=\'https://api.crossref.org/v1/works/https://doi.org/10.1577/1548-8667(1995)007\'>https://api.crossref.org/v1/works/https://doi.org/10.1577/1548-8667(1995)007</a>&lt;0231:LIRD&gt;2.3.CO;2'}}], '*': 'See https://www.wikidata.org/w/api.php for API usage. Subscribe to the mediawiki-api-announce mailing list at &lt;https://lists.wikimedia.org/postorius/lists/mediawiki-api-announce.lists.wikimedia.org/&gt; for notice of API deprecations and breaking changes.'}, 'servedby': 'mw1390'}";<class 'wikidataintegrator.wdi_core.WDApiError'>
ERROR;01/06/2023 11:40:57;"10.1577/1548-8667(1998)010<0075:DOLTCL>2.0.CO;2";P356;;"{'error': {'code': 'modification-failed', 'info': 'URLs are not allowed to contain certain characters like spaces or square brackets: https://api.crossref.org/v1/works/https://doi.org/10.1577/1548-8667(1998)010<0075:DOLTCL>2.0.CO;2', 'messages': [{'name': 'wikibase-validator-bad-url', 'parameters': ['https://api.crossref.org/v1/works/https://doi.org/10.1577/1548-8667(1998)010<0075:DOLTCL>2.0.CO;2'], 'html': {'*': 'URLs are not allowed to contain certain characters like spaces or square brackets: <a rel=\'nofollow\' class=\'external free\' href=\'https://api.crossref.org/v1/works/https://doi.org/10.1577/1548-8667(1998)010\'>https://api.crossref.org/v1/works/https://doi.org/10.1577/1548-8667(1998)010</a>&lt;0075:DOLTCL&gt;2.0.CO;2'}}], '*': 'See https://www.wikidata.org/w/api.php for API usage. Subscribe to the mediawiki-api-announce mailing list at &lt;https://lists.wikimedia.org/postorius/lists/mediawiki-api-announce.lists.wikimedia.org/&gt; for notice of API deprecations and breaking changes.'}, 'servedby': 'mw1394'}";<class 'wikidataintegrator.wdi_core.WDApiError'>
INFO;01/06/2023 11:45:31;10.31487/j.COR.2020.09.03;P356;Q116047523;CREATE;None;1804741236
INFO;01/06/2023 11:45:38;10.1186/bcr31;P356;Q116047528;CREATE;None;1804741309
INFO;01/06/2023 11:45:43;10.1080/09712119.2002.9706389;P356;Q116047531;CREATE;None;1804741347
INFO;01/06/2023 11:45:46;10.1002/jbmte.390020304;P356;Q116047533;CREATE;None;1804741378
INFO;01/06/2023 11:45:58;10.1158/1538-7445.SABCS17-P5-06-03;P356;Q116047536;CREATE;None;1804741484
INFO;01/06/2023 11:46:06;10.1016/j.aquaculture.2021.737300;P356;Q116047542;CREATE;None;1804741638
INFO;01/06/2023 11:46:15;10.2485/jhtb.30.97;P356;Q116047544;CREATE;None;1804741791
INFO;01/06/2023 11:46:20;10.1111/j.1095-8649.1987.tb05322.x;P356;Q116047546;CREATE;None;1804741877
INFO;01/06/2023 11:46:28;10.1080/09712119.2022.2032719;P356;Q116047548;CREATE;None;1804742029
INFO;01/06/2023 11:46:36;10.1111/j.1095-8649.1973.tb04461.x;P356;Q116047551;CREATE;None;1804742103
INFO;01/06/2023 11:46:45;10.1007/BF02631047;P356;Q116047552;CREATE;None;1804742165
INFO;01/06/2023 11:46:59;10.1080/09712119.1998.9706217;P356;Q116047553;CREATE;None;1804742265
INFO;01/06/2023 11:47:06;10.20517/2394-4722.2021.59;P356;Q116047555;CREATE;None;1804742362
INFO;01/06/2023 11:47:32;10.1080/09712119.2011.558685;P356;Q116047558;CREATE;None;1804742782
INFO;01/06/2023 11:47:55;10.1158/1538-7445.AM2020-2649;P356;Q116047559;CREATE;None;1804742955
INFO;01/06/2023 11:47:58;10.1007/BF00919721;P356;Q116047561;CREATE;None;1804742981
INFO;01/06/2023 11:48:12;10.26502/acbr.50170022;P356;Q116047563;CREATE;None;1804743166
INFO;01/06/2023 11:48:42;10.1016/j.aqrep.2021.100899;P356;Q116047566;CREATE;None;1804743596
INFO;01/06/2023 11:48:56;10.1158/1538-7445.SABCS21-P5-12-03;P356;Q116047568;CREATE;None;1804743709
INFO;01/06/2023 11:49:14;10.24135/pjr.v4i1.622;P356;Q116047571;CREATE;None;1804743938
INFO;01/06/2023 11:49:21;10.48048/wjst.2021.10857;P356;Q116047572;CREATE;None;1804744041
INFO;01/06/2023 11:49:42;10.4172/2161-0681.1000119;P356;Q116047573;CREATE;None;1804744339
INFO;01/06/2023 11:50:12;10.1134/S1990519X2104009X;P356;Q116047576;CREATE;None;1804744612
INFO;01/06/2023 11:50:50;10.5794/jjoms.39.367;P356;Q116047577;CREATE;None;1804745041
INFO;01/06/2023 11:50:55;10.2478/v10134-010-0034-7;P356;Q116047578;CREATE;None;1804745085
INFO;01/06/2023 11:51:21;10.1016/S2095-3119(21)63644-4;P356;Q116047580;CREATE;None;1804745359
INFO;01/06/2023 11:51:26;10.5794/jjoms.36.868;P356;Q116047583;CREATE;None;1804745436
INFO;01/06/2023 11:51:39;10.5794/jjoms.39.1143;P356;Q116047586;CREATE;None;1804745610
INFO;01/06/2023 11:51:50;10.1080/09583150050044574;P356;Q116047588;CREATE;None;1804745687
INFO;01/06/2023 11:52:09;10.15616/BSL.2017.23.3.238;P356;Q116047591;CREATE;None;1804745836
INFO;01/06/2023 11:52:16;10.1007/BF02626179;P356;Q116047594;CREATE;None;1804745918
INFO;01/06/2023 11:52:31;10.5794/jjoms.39.965;P356;Q116047599;CREATE;None;1804746144
INFO;01/06/2023 11:52:44;10.1158/1538-7445.AM2019-4622;P356;Q116047600;CREATE;None;1804746280
INFO;01/06/2023 11:53:16;10.1016/j.jds.2022.04.018;P356;Q116047609;CREATE;None;1804746565
INFO;01/06/2023 11:54:01;10.1021/jf9602232;P356;Q116047612;CREATE;None;1804747110
INFO;01/06/2023 11:54:10;10.1039/c4tx00214h;P356;Q116047613;CREATE;None;1804747192
INFO;01/06/2023 11:54:19;10.29228/jrp.195;P356;Q116047614;CREATE;None;1804747302
INFO;01/06/2023 11:54:31;10.21037/tcr.2018.12.12;P356;Q116047615;CREATE;None;1804747487
INFO;01/06/2023 11:54:46;10.3390/fishes7060354;P356;Q116047616;CREATE;None;1804747666
ERROR;01/06/2023 11:55:23;"10.1002/(SICI)1096-9063(1998110)54:3<189::AID-PS812>3.0.CO;2-A";P356;;"{'error': {'code': 'modification-failed', 'info': 'URLs are not allowed to contain certain characters like spaces or square brackets: https://api.crossref.org/v1/works/https://doi.org/10.1002/(SICI)1096-9063(1998110)54:3<189::AID-PS812>3.0.CO;2-A', 'messages': [{'name': 'wikibase-validator-bad-url', 'parameters': ['https://api.crossref.org/v1/works/https://doi.org/10.1002/(SICI)1096-9063(1998110)54:3<189::AID-PS812>3.0.CO;2-A'], 'html': {'*': 'URLs are not allowed to contain certain characters like spaces or square brackets: <a rel=\'nofollow\' class=\'external free\' href=\'https://api.crossref.org/v1/works/https://doi.org/10.1002/(SICI)1096-9063(1998110)54:3\'>https://api.crossref.org/v1/works/https://doi.org/10.1002/(SICI)1096-9063(1998110)54:3</a>&lt;189::AID-PS812&gt;3.0.CO;2-A'}}], '*': 'See https://www.wikidata.org/w/api.php for API usage. Subscribe to the mediawiki-api-announce mailing list at &lt;https://lists.wikimedia.org/postorius/lists/mediawiki-api-announce.lists.wikimedia.org/&gt; for notice of API deprecations and breaking changes.'}, 'servedby': 'mw1412'}";<class 'wikidataintegrator.wdi_core.WDApiError'>
INFO;01/06/2023 11:55:32;10.1158/1538-7445.AM2022-1095;P356;Q116047631;CREATE;None;1804748192
INFO;01/06/2023 11:55:54;10.3390/biology11121697;P356;Q116047638;CREATE;None;1804748494
INFO;01/06/2023 11:56:19;10.1158/1538-7445.AM2022-3160;P356;Q116047643;CREATE;None;1804748782
INFO;01/06/2023 11:56:37;10.1016/j.cegh.2019.09.014;P356;Q116047644;CREATE;None;1804749062
INFO;01/06/2023 11:57:10;10.1093/annonc/mdw378.12;P356;Q116047646;CREATE;None;1804749362
INFO;01/06/2023 11:57:21;10.1016/j.aquaculture.2021.737589;P356;Q116047648;CREATE;None;1804749484
INFO;01/06/2023 11:57:29;10.1007/s00217-021-03905-9;P356;Q116047649;CREATE;None;1804749582
INFO;01/06/2023 11:57:40;10.2478/cjf-2021-0002;P356;Q116047650;CREATE;None;1804749762
INFO;01/06/2023 11:57:43;10.1089/hyb.1995.14.303;P356;Q116047651;CREATE;None;1804749801
