level;timestamp;external_id;external_id_prop;wdid;msg;msg_type;revid
ERROR;06/04/2021 12:01:35;10.1007/BF02624131;P356;;"{'error': {'code': 'modification-failed', 'info': 'Item [[Q107100951|Q107100951]] already has label \'Fish cell line (ULF-23HU) derived from the fin of the central mudminnow (Umbra limi): Suitable characteristics for clastogenicity assay\' associated with language code en, using the same description text.', 'messages': [{'name': 'wikibase-validator-label-with-description-conflict', 'parameters': ['Fish cell line (ULF-23HU) derived from the fin of the central mudminnow (Umbra limi): Suitable characteristics for clastogenicity assay', 'en', '[[Q107100951|Q107100951]]'], 'html': {'*': 'Item <a href=\'/wiki/Q107100951\' title=\'Q107100951\'>Q107100951</a> already has label \'Fish cell line (ULF-23HU) derived from the fin of the central mudminnow (Umbra limi): Suitable characteristics for clastogenicity assay\' associated with language code en, using the same description text.'}}], '*': 'See https://www.wikidata.org/w/api.php for API usage. Subscribe to the mediawiki-api-announce mailing list at &lt;https://lists.wikimedia.org/mailman/listinfo/mediawiki-api-announce&gt; for notice of API deprecations and breaking changes.'}, 'servedby': 'mw1406'}";<class 'wikidataintegrator.wdi_core.NonUniqueLabelDescriptionPairError'>
ERROR;06/04/2021 12:01:50;10.1303/aez.23.488;P356;;"{'error': {'code': 'modification-failed', 'info': 'Item [[Q107100954|Q107100954]] already has label \'Obtainment of a Continuous Cell Line from the Larval Fat Bodies of the Mulberry Tiger Moth, Spilosoma imparilis (Lepidoptera:Arctiidae)\' associated with language code en, using the same description text.', 'messages': [{'name': 'wikibase-validator-label-with-description-conflict', 'parameters': ['Obtainment of a Continuous Cell Line from the Larval Fat Bodies of the Mulberry Tiger Moth, Spilosoma imparilis (Lepidoptera:Arctiidae)', 'en', '[[Q107100954|Q107100954]]'], 'html': {'*': 'Item <a href=\'/wiki/Q107100954\' title=\'Q107100954\'>Q107100954</a> already has label \'Obtainment of a Continuous Cell Line from the Larval Fat Bodies of the Mulberry Tiger Moth, Spilosoma imparilis (Lepidoptera:Arctiidae)\' associated with language code en, using the same description text.'}}], '*': 'See https://www.wikidata.org/w/api.php for API usage. Subscribe to the mediawiki-api-announce mailing list at &lt;https://lists.wikimedia.org/mailman/listinfo/mediawiki-api-announce&gt; for notice of API deprecations and breaking changes.'}, 'servedby': 'mw1356'}";<class 'wikidataintegrator.wdi_core.NonUniqueLabelDescriptionPairError'>
ERROR;06/04/2021 12:01:58;10.1002/cnr2.1110;P356;;"{'error': {'code': 'modification-failed', 'info': 'Malformed input: WT\u2010CLS1 is a rhabdoid tumor cell line and can be inhibited by miR \u201016', 'messages': [{'name': 'wikibase-validator-malformed-value', 'parameters': ['WT\u2010CLS1\n            is a rhabdoid tumor cell line and can be inhibited by\n            miR\n            \u201016'], 'html': {'*': '<p>Malformed input: WT\u2010CLS1\n</p>\n<pre>           is a rhabdoid tumor cell line and can be inhibited by\n           miR\n           \u201016\n</pre>'}}], '*': 'See https://www.wikidata.org/w/api.php for API usage. Subscribe to the mediawiki-api-announce mailing list at &lt;https://lists.wikimedia.org/mailman/listinfo/mediawiki-api-announce&gt; for notice of API deprecations and breaking changes.'}, 'servedby': 'mw1386'}";<class 'wikidataintegrator.wdi_core.WDApiError'>
ERROR;06/04/2021 12:02:09;10.3147/jsfp.34.213;P356;;"{'error': {'code': 'modification-failed', 'info': 'Item [[Q107100959|Q107100959]] already has label \'Susceptibility of Fish Cell Lines Against Fish Nodavirus.\' associated with language code en, using the same description text.', 'messages': [{'name': 'wikibase-validator-label-with-description-conflict', 'parameters': ['Susceptibility of Fish Cell Lines Against Fish Nodavirus.', 'en', '[[Q107100959|Q107100959]]'], 'html': {'*': 'Item <a href=\'/wiki/Q107100959\' title=\'Q107100959\'>Q107100959</a> already has label \'Susceptibility of Fish Cell Lines Against Fish Nodavirus.\' associated with language code en, using the same description text.'}}], '*': 'See https://www.wikidata.org/w/api.php for API usage. Subscribe to the mediawiki-api-announce mailing list at &lt;https://lists.wikimedia.org/mailman/listinfo/mediawiki-api-announce&gt; for notice of API deprecations and breaking changes.'}, 'servedby': 'mw1412'}";<class 'wikidataintegrator.wdi_core.NonUniqueLabelDescriptionPairError'>
ERROR;06/04/2021 12:05:08;10.1016/S0769-2617(83)80060-4;P356;;"{'error': {'code': 'modification-failed', 'info': 'Item [[Q107100993|Q107100993]] already has label \'Some properties of the Epithelioma papulosum cyprini (EPC) cell line from carp cyprinus carpio\' associated with language code en, using the same description text.', 'messages': [{'name': 'wikibase-validator-label-with-description-conflict', 'parameters': ['Some properties of the Epithelioma papulosum cyprini (EPC) cell line from carp cyprinus carpio', 'en', '[[Q107100993|Q107100993]]'], 'html': {'*': 'Item <a href=\'/wiki/Q107100993\' title=\'Q107100993\'>Q107100993</a> already has label \'Some properties of the Epithelioma papulosum cyprini (EPC) cell line from carp cyprinus carpio\' associated with language code en, using the same description text.'}}], '*': 'See https://www.wikidata.org/w/api.php for API usage. Subscribe to the mediawiki-api-announce mailing list at &lt;https://lists.wikimedia.org/mailman/listinfo/mediawiki-api-announce&gt; for notice of API deprecations and breaking changes.'}, 'servedby': 'mw1285'}";<class 'wikidataintegrator.wdi_core.NonUniqueLabelDescriptionPairError'>
ERROR;06/04/2021 12:05:14;10.1007/BF02948354;P356;;"{'error': {'code': 'modification-failed', 'info': 'Item [[Q107100995|Q107100995]] already has label \'Induction of apoptosis in human gastric carcinoma cell line MGC-803 by monoclonal antibody PD4\' associated with language code en, using the same description text.', 'messages': [{'name': 'wikibase-validator-label-with-description-conflict', 'parameters': ['Induction of apoptosis in human gastric carcinoma cell line MGC-803 by monoclonal antibody PD4', 'en', '[[Q107100995|Q107100995]]'], 'html': {'*': 'Item <a href=\'/wiki/Q107100995\' title=\'Q107100995\'>Q107100995</a> already has label \'Induction of apoptosis in human gastric carcinoma cell line MGC-803 by monoclonal antibody PD4\' associated with language code en, using the same description text.'}}], '*': 'See https://www.wikidata.org/w/api.php for API usage. Subscribe to the mediawiki-api-announce mailing list at &lt;https://lists.wikimedia.org/mailman/listinfo/mediawiki-api-announce&gt; for notice of API deprecations and breaking changes.'}, 'servedby': 'mw1286'}";<class 'wikidataintegrator.wdi_core.NonUniqueLabelDescriptionPairError'>
ERROR;06/04/2021 12:07:10;10.1007/BF02623449;P356;;"{'error': {'code': 'modification-failed', 'info': 'Item [[Q107101007|Q107101007]] already has label \'Male diploid embryonic cell line ofDrosophila virilis\' associated with language code en, using the same description text.', 'messages': [{'name': 'wikibase-validator-label-with-description-conflict', 'parameters': ['Male diploid embryonic cell line ofDrosophila virilis', 'en', '[[Q107101007|Q107101007]]'], 'html': {'*': 'Item <a href=\'/wiki/Q107101007\' title=\'Q107101007\'>Q107101007</a> already has label \'Male diploid embryonic cell line ofDrosophila virilis\' associated with language code en, using the same description text.'}}], '*': 'See https://www.wikidata.org/w/api.php for API usage. Subscribe to the mediawiki-api-announce mailing list at &lt;https://lists.wikimedia.org/mailman/listinfo/mediawiki-api-announce&gt; for notice of API deprecations and breaking changes.'}, 'servedby': 'mw1375'}";<class 'wikidataintegrator.wdi_core.NonUniqueLabelDescriptionPairError'>
ERROR;06/04/2021 12:07:43;10.1016/0022-2011(84)90091-0;P356;;"{'error': {'code': 'modification-failed', 'info': 'Item [[Q107101018|Q107101018]] already has label \'The detection of FP plaque variants of Heliothis zea nuclear polyhedrosis virus grown in the IPLB-HZ 1075 insect cell line\' associated with language code en, using the same description text.', 'messages': [{'name': 'wikibase-validator-label-with-description-conflict', 'parameters': ['The detection of FP plaque variants of Heliothis zea nuclear polyhedrosis virus grown in the IPLB-HZ 1075 insect cell line', 'en', '[[Q107101018|Q107101018]]'], 'html': {'*': 'Item <a href=\'/wiki/Q107101018\' title=\'Q107101018\'>Q107101018</a> already has label \'The detection of FP plaque variants of Heliothis zea nuclear polyhedrosis virus grown in the IPLB-HZ 1075 insect cell line\' associated with language code en, using the same description text.'}}], '*': 'See https://www.wikidata.org/w/api.php for API usage. Subscribe to the mediawiki-api-announce mailing list at &lt;https://lists.wikimedia.org/mailman/listinfo/mediawiki-api-announce&gt; for notice of API deprecations and breaking changes.'}, 'servedby': 'mw1381'}";<class 'wikidataintegrator.wdi_core.NonUniqueLabelDescriptionPairError'>
INFO;06/04/2021 12:08:24;10.3147/jsfp.29.29;P356;Q107101186;CREATE;None;1434967824
INFO;06/04/2021 12:08:28;10.2491/jjsth1970.19.283;P356;Q107101187;CREATE;None;1434967862
INFO;06/04/2021 12:08:44;10.2957/kanzo.28.1135;P356;Q107101190;CREATE;None;1434967947
INFO;06/04/2021 12:09:08;10.1006/ncmn.1993.1060;P356;Q107101193;CREATE;None;1434968064
INFO;06/04/2021 12:09:14;10.5794/jjoms.41.19;P356;Q107101194;CREATE;None;1434968159
INFO;06/04/2021 12:09:22;10.1111/j.1550-7408.1983.tb05338.x;P356;Q107101195;CREATE;None;1434968287
INFO;06/04/2021 12:09:26;10.1016/j.bgm.2013.07.007;P356;Q107101198;CREATE;None;1434968325
INFO;06/04/2021 12:09:39;10.1111/j.1439-0418.1978.tb02444.x;P356;Q107101199;CREATE;None;1434968391
INFO;06/04/2021 12:09:43;10.1007/BF02618167;P356;Q107101202;CREATE;None;1434968418
INFO;06/04/2021 12:09:47;10.1111/j.1439-0418.1981.tb04507.x;P356;Q107101203;CREATE;None;1434968436
INFO;06/04/2021 12:10:02;10.1016/j.aquaculture.2018.04.012;P356;Q107101207;CREATE;None;1434968502
INFO;06/04/2021 12:10:07;10.5794/jjoms.34.7;P356;Q107101208;CREATE;None;1434968540
INFO;06/04/2021 12:10:19;10.5794/jjoms.31.1347;P356;Q107101211;CREATE;None;1434968726
INFO;06/04/2021 12:10:22;10.2183/pjab.60.198;P356;Q107101212;CREATE;None;1434968761
INFO;06/04/2021 12:10:26;10.2307/3576171;P356;Q107101213;CREATE;None;1434968785
INFO;06/04/2021 12:10:30;10.1303/aez.13.170;P356;Q107101214;CREATE;None;1434968802
INFO;06/04/2021 12:10:36;10.1247/csf.4.267;P356;Q107101216;CREATE;None;1434968831
INFO;06/04/2021 12:10:41;10.1016/j.procbio.2020.01.033;P356;Q107101217;CREATE;None;1434968857
INFO;06/04/2021 12:10:58;10.3147/jsfp.15.201;P356;Q107101219;CREATE;None;1434968941
INFO;06/04/2021 12:11:03;10.1111/j.1365-2761.1985.tb01283.x;P356;Q107101220;CREATE;None;1434968964
INFO;06/04/2021 12:11:18;10.1303/aez.2009.331;P356;Q107101222;CREATE;None;1434969168
INFO;06/04/2021 12:11:36;10.1007/BF02626743;P356;Q107101225;CREATE;None;1434969275
INFO;06/04/2021 12:11:49;10.4172/jpb.1000057;P356;Q107101229;CREATE;None;1434969346
INFO;06/04/2021 12:12:09;10.1016/j.aquaculture.2008.03.020;P356;Q107101231;CREATE;None;1434969494
INFO;06/04/2021 12:12:19;10.2482/haigan.11.141;P356;Q107101233;CREATE;None;1434969649
INFO;06/04/2021 12:12:25;10.1016/j.aquaculture.2017.02.027;P356;Q107101234;CREATE;None;1434969682
INFO;06/04/2021 12:12:35;10.4172/2157-2518.1000292;P356;Q107101236;CREATE;None;1434969746
INFO;06/04/2021 12:12:48;10.3353/omp.9.133;P356;Q107101237;CREATE;None;1434969809
INFO;06/04/2021 12:12:52;10.5897/IJBMBR2013.0154;P356;Q107101239;CREATE;None;1434969829
INFO;06/04/2021 12:12:56;10.3917/bhesv.191.0045;P356;Q107101240;CREATE;None;1434969850
INFO;06/04/2021 12:13:03;10.1016/S0016-5085(08)83714-6;P356;Q107101241;CREATE;None;1434969893
INFO;06/04/2021 12:13:18;10.1016/j.leukres.2012.09.007;P356;Q107101245;CREATE;None;1434970123
INFO;06/04/2021 12:13:25;10.1007/s13273-019-00057-6;P356;Q107101246;CREATE;None;1434970159
INFO;06/04/2021 12:13:28;10.14800/mr.992;P356;Q107101249;CREATE;None;1434970172
INFO;06/04/2021 12:13:32;10.24450/journals/abrep.2019.e45;P356;Q107101250;CREATE;None;1434970196
INFO;06/04/2021 12:13:36;10.14800/ccm.134;P356;Q107101251;CREATE;None;1434970213
INFO;06/04/2021 12:13:39;10.2177/jsci.15.594;P356;Q107101252;CREATE;None;1434970227
INFO;06/04/2021 12:13:49;10.3354/dao011049;P356;Q107101254;CREATE;None;1434970269
INFO;06/04/2021 12:13:54;10.1111/j.1440-169X.1977.00337.x;P356;Q107101256;CREATE;None;1434970299
INFO;06/04/2021 12:13:59;10.1111/j.1749-6632.1989.tb16491.x;P356;Q107101258;CREATE;None;1434970323
INFO;06/04/2021 12:14:02;10.2198/sbk.34.289;P356;Q107101259;CREATE;None;1434970353
INFO;06/04/2021 12:14:20;10.1007/BF02623580;P356;Q107101264;CREATE;None;1434970592
INFO;06/04/2021 12:14:30;10.1590/S1415-47572000000300031;P356;Q107101267;CREATE;None;1434970650
INFO;06/04/2021 12:14:36;10.1007/BF00919719;P356;Q107101268;CREATE;None;1434970681
INFO;06/04/2021 12:14:40;10.2307/3576172;P356;Q107101269;CREATE;None;1434970705
INFO;06/04/2021 12:14:53;10.1303/aez.34.259;P356;Q107101271;CREATE;None;1434970775
INFO;06/04/2021 12:15:13;10.24450/journals/abrep.2019.e24;P356;Q107101274;CREATE;None;1434971040
INFO;06/04/2021 12:15:31;10.1006/jipa.1997.4701;P356;Q107101277;CREATE;None;1434971128
INFO;06/04/2021 12:15:56;10.24450/journals/abrep.2019.e56;P356;Q107101284;CREATE;None;1434971278
INFO;06/04/2021 12:16:22;10.5794/jjoms.31.273;P356;Q107101288;CREATE;None;1434971567
INFO;06/04/2021 12:16:34;10.1038/cr.1992.17;P356;Q107101291;CREATE;None;1434971633
INFO;06/04/2021 12:16:44;10.3147/jsfp.30.23;P356;Q107101292;CREATE;None;1434971671
INFO;06/04/2021 12:16:54;10.1002/pros.2990070405;P356;Q107101294;CREATE;None;1434971704
INFO;06/04/2021 12:17:06;10.1139/m95-154;P356;Q107101297;CREATE;None;1434971857
INFO;06/04/2021 12:17:12;10.5795/jjscc.32.1;P356;Q107101299;CREATE;None;1434971927
INFO;06/04/2021 12:17:25;10.1016/S0044-8486(97)00070-7;P356;Q107101302;CREATE;None;1434972007
INFO;06/04/2021 12:17:29;10.1139/f78-081;P356;Q107101304;CREATE;None;1434972029
INFO;06/04/2021 12:17:32;10.1093/jnci/30.4.795;P356;Q107101305;CREATE;None;1434972041
INFO;06/04/2021 12:17:36;10.1006/fsim.1995.0032;P356;Q107101306;CREATE;None;1434972062
INFO;06/04/2021 12:17:44;10.20473/jipk.v12i1.17656;P356;Q107101310;CREATE;None;1434972099
INFO;06/04/2021 12:17:47;10.4172/2155-9899.1000318;P356;Q107101311;CREATE;None;1434972121
INFO;06/04/2021 12:17:52;10.2330/joralbiosci1965.34.164;P356;Q107101312;CREATE;None;1434972148
INFO;06/04/2021 12:18:01;10.4194/1303-2712-v21_2_05;P356;Q107101313;CREATE;None;1434972268
INFO;06/04/2021 12:18:11;10.1016/j.enzmictec.2004.08.027;P356;Q107101315;CREATE;None;1434972392
INFO;06/04/2021 12:18:24;10.5833/jjgs.14.1646;P356;Q107101316;CREATE;None;1434972474
INFO;06/04/2021 12:18:27;10.4172/2329-888X.1000103;P356;Q107101317;CREATE;None;1434972487
INFO;06/04/2021 12:18:35;10.1046/j.1365-2761.2001.00303.x;P356;Q107101318;CREATE;None;1434972522
INFO;06/04/2021 12:18:50;10.1016/j.aquaculture.2005.01.031;P356;Q107101320;CREATE;None;1434972599
INFO;06/04/2021 12:18:56;10.1007/BF02715859;P356;Q107101324;CREATE;None;1434972633
INFO;06/04/2021 12:19:02;10.1007/s12562-018-1215-4;P356;Q107101326;CREATE;None;1434972719
INFO;06/04/2021 12:19:06;10.1007/BF02372123;P356;Q107101327;CREATE;None;1434972797
INFO;06/04/2021 12:19:11;10.2220/biomedres.2.599;P356;Q107101329;CREATE;None;1434972857
INFO;06/04/2021 12:19:16;10.1007/BF02628830;P356;Q107101330;CREATE;None;1434972886
INFO;06/04/2021 12:19:21;10.2331/suisan.46.1203;P356;Q107101332;CREATE;None;1434972912
INFO;06/04/2021 12:19:29;10.1007/BF02619074;P356;Q107101333;CREATE;None;1434972955
INFO;06/04/2021 12:19:31;10.1089/153685904774129757;P356;Q107101336;CREATE;None;1434972970
INFO;06/04/2021 12:19:35;10.1111/j.1440-169X.1984.00223.x;P356;Q107101337;CREATE;None;1434972991
INFO;06/04/2021 12:19:39;10.1303/aez.29.604;P356;Q107101338;CREATE;None;1434973006
INFO;06/04/2021 12:19:42;10.1093/jnen/48.3.301;P356;Q107101340;CREATE;None;1434973026
INFO;06/04/2021 12:19:46;10.1080/03014223.1983.10423936;P356;Q107101342;CREATE;None;1434973049
INFO;06/04/2021 12:19:56;10.1111/cen3.12001;P356;Q107101343;CREATE;None;1434973121
INFO;06/04/2021 12:20:00;10.1303/aez.23.8;P356;Q107101345;CREATE;None;1434973179
INFO;06/04/2021 12:20:09;10.1007/s13131-010-0025-z;P356;Q107101348;CREATE;None;1434973344
INFO;06/04/2021 12:20:18;10.1007/BF02618106;P356;Q107101350;CREATE;None;1434973415
INFO;06/04/2021 12:20:24;10.1508/cytologia.68.271;P356;Q107101351;CREATE;None;1434973445
INFO;06/04/2021 12:20:31;10.1007/BF02847922;P356;Q107101353;CREATE;None;1434973496
INFO;06/04/2021 12:20:40;10.2491/jjsth1970.19.280;P356;Q107101355;CREATE;None;1434973546
INFO;06/04/2021 12:20:49;10.4172/1948-5956.1000196;P356;Q107101356;CREATE;None;1434973593
INFO;06/04/2021 12:21:31;10.1016/0022-1910(83)90026-4;P356;Q107101359;CREATE;None;1434973959
INFO;06/04/2021 12:21:49;10.5794/jjoms.42.51;P356;Q107101362;CREATE;None;1434974044
INFO;06/04/2021 12:21:58;10.1111/cen3.12045;P356;Q107101364;CREATE;None;1434974161
INFO;06/04/2021 12:22:03;10.1007/BF01404746;P356;Q107101366;CREATE;None;1434974267
INFO;06/04/2021 12:22:15;10.1080/09540109109354743;P356;Q107101368;CREATE;None;1434974352
INFO;06/04/2021 12:22:21;10.1016/j.bej.2011.10.004;P356;Q107101369;CREATE;None;1434974385
INFO;06/04/2021 12:22:32;10.1267/ahc.25.563;P356;Q107101372;CREATE;None;1434974436
INFO;06/04/2021 12:22:46;10.1016/j.aquaculture.2014.04.044;P356;Q107101374;CREATE;None;1434974511
INFO;06/04/2021 12:22:54;10.1016/j.vetimm.2008.10.066;P356;Q107101377;CREATE;None;1434974584
INFO;06/04/2021 12:23:02;10.1016/0922-338X(96)88826-X;P356;Q107101378;CREATE;None;1434974724
INFO;06/04/2021 12:23:09;10.1007/BF02619571;P356;Q107101380;CREATE;None;1434974795
INFO;06/04/2021 12:23:15;10.1111/j.1365-2761.1994.tb00246.x;P356;Q107101381;CREATE;None;1434974824
INFO;06/04/2021 12:23:20;10.1016/j.aquaculture.2005.09.021;P356;Q107101384;CREATE;None;1434974857
INFO;06/04/2021 12:23:29;10.1016/S0309-1651(86)80049-2;P356;Q107101386;CREATE;None;1434974902
INFO;06/04/2021 12:23:33;10.4044/joma1947.97.7-8_691;P356;Q107101387;CREATE;None;1434974921
INFO;06/04/2021 12:23:38;10.3390/antib1010039;P356;Q107101389;CREATE;None;1434974947
INFO;06/04/2021 12:23:43;10.1111/j.0022-1112.2004.00521.x;P356;Q107101391;CREATE;None;1434974973
ERROR;06/04/2021 12:23:49;"10.1577/1548-8659(1991)120<0528:TCLFWS>2.3.CO;2";P356;;"{'error': {'code': 'modification-failed', 'info': 'URLs are not allowed to contain certain characters like spaces or square brackets: https://api.crossref.org/v1/works/http://dx.doi.org/10.1577/1548-8659(1991)120<0528:TCLFWS>2.3.CO;2', 'messages': [{'name': 'wikibase-validator-bad-url', 'parameters': ['https://api.crossref.org/v1/works/http://dx.doi.org/10.1577/1548-8659(1991)120<0528:TCLFWS>2.3.CO;2'], 'html': {'*': 'URLs are not allowed to contain certain characters like spaces or square brackets: <a rel=\'nofollow\' class=\'external free\' href=\'https://api.crossref.org/v1/works/http://dx.doi.org/10.1577/1548-8659(1991)120\'>https://api.crossref.org/v1/works/http://dx.doi.org/10.1577/1548-8659(1991)120</a>&lt;0528:TCLFWS&gt;2.3.CO;2'}}], '*': 'See https://www.wikidata.org/w/api.php for API usage. Subscribe to the mediawiki-api-announce mailing list at &lt;https://lists.wikimedia.org/mailman/listinfo/mediawiki-api-announce&gt; for notice of API deprecations and breaking changes.'}, 'servedby': 'mw1386'}";<class 'wikidataintegrator.wdi_core.WDApiError'>
INFO;06/04/2021 12:23:52;10.1046/j.1365-2761.1996.00258.x;P356;Q107101393;CREATE;None;1434975072
INFO;06/04/2021 12:24:02;10.1111/j.1365-2109.2011.02854.x;P356;Q107101395;CREATE;None;1434975193
INFO;06/04/2021 12:24:13;10.1007/s11802-011-1778-5;P356;Q107101400;CREATE;None;1434975300
INFO;06/04/2021 12:24:18;10.1016/0022-1910(92)90116-U;P356;Q107101401;CREATE;None;1434975330
INFO;06/04/2021 12:24:26;10.1002/cm.970160108;P356;Q107101402;CREATE;None;1434975380
INFO;06/04/2021 12:24:36;10.3923/javaa.2012.1166.1172;P356;Q107101404;CREATE;None;1434975441
INFO;06/04/2021 12:24:48;10.1016/0022-1910(94)00139-8;P356;Q107101408;CREATE;None;1434975520
INFO;06/04/2021 12:24:53;10.3390/pr5020020;P356;Q107101409;CREATE;None;1434975581
INFO;06/04/2021 12:24:59;10.2331/suisan.54.1881;P356;Q107101411;CREATE;None;1434975700
INFO;06/04/2021 12:25:03;10.3147/jsfp.16.129;P356;Q107101412;CREATE;None;1434975763
INFO;06/04/2021 12:25:13;10.4236/jbise.2017.102004;P356;Q107101416;CREATE;None;1434975858
INFO;06/04/2021 12:25:19;10.1007/s10695-004-5262-7;P356;Q107101417;CREATE;None;1434975896
INFO;06/04/2021 12:25:26;10.2177/jsci.16.338;P356;Q107101418;CREATE;None;1434975938
INFO;06/04/2021 12:25:33;10.1016/0739-6260(87)90032-3;P356;Q107101421;CREATE;None;1434975989
INFO;06/04/2021 12:25:41;10.5833/jjgs.28.12;P356;Q107101423;CREATE;None;1434976045
INFO;06/04/2021 12:25:59;10.1016/j.jaci.2018.12.550;P356;Q107101427;CREATE;None;1434976289
INFO;06/04/2021 12:26:07;10.4172/2475-3203.1000101;P356;Q107101429;CREATE;None;1434976382
INFO;06/04/2021 12:26:13;10.1007/BF01561574;P356;Q107101431;CREATE;None;1434976415
INFO;06/04/2021 12:26:18;10.5843/jsot.13.Suppliment_301;P356;Q107101434;CREATE;None;1434976442
INFO;06/04/2021 12:26:33;10.1267/ahc.26.515;P356;Q107101438;CREATE;None;1434976518
INFO;06/04/2021 12:26:39;10.2957/kanzo.29.272;P356;Q107101439;CREATE;None;1434976560
INFO;06/04/2021 12:26:53;10.1006/fsim.1998.0153;P356;Q107101441;CREATE;None;1434976660
INFO;06/04/2021 12:27:03;10.1016/0044-8486(95)01048-3;P356;Q107101443;CREATE;None;1434976806
INFO;06/04/2021 12:27:10;10.1007/BF02619580;P356;Q107101444;CREATE;None;1434976869
INFO;06/04/2021 12:27:15;10.3724/SP.J.1141.2008.00225;P356;Q107101445;CREATE;None;1434976896
INFO;06/04/2021 12:27:20;10.4172/2157-7560.1000345;P356;Q107101447;CREATE;None;1434976932
INFO;06/04/2021 12:27:29;10.1093/jnci/59.2.301;P356;Q107101448;CREATE;None;1434976987
INFO;06/04/2021 12:27:38;10.1111/j.1439-0418.2010.01574.x;P356;Q107101449;CREATE;None;1434977031
INFO;06/04/2021 12:27:46;10.5794/jjoms.43.789;P356;Q107101451;CREATE;None;1434977083
INFO;06/04/2021 12:27:54;10.1111/j.1365-2109.2005.01387.x;P356;Q107101454;CREATE;None;1434977186
INFO;06/04/2021 12:28:01;10.1007/BF02842790;P356;Q107101456;CREATE;None;1434977297
INFO;06/04/2021 12:28:05;10.1007/BF02623443;P356;Q107101457;CREATE;None;1434977353
INFO;06/04/2021 12:28:13;10.1016/S0140-6736(63)90434-3;P356;Q107101458;CREATE;None;1434977399
INFO;06/04/2021 12:28:24;10.1111/j.1439-0418.2011.01689.x;P356;Q107101460;CREATE;None;1434977447
INFO;06/04/2021 12:28:28;10.1002/arch.940020307;P356;Q107101461;CREATE;None;1434977474
INFO;06/04/2021 12:28:39;10.1016/j.cellbi.2008.01.124;P356;Q107101463;CREATE;None;1434977528
INFO;06/04/2021 12:28:48;10.1111/j.1439-0418.1976.tb03417.x;P356;Q107101465;CREATE;None;1434977594
INFO;06/04/2021 12:29:04;10.1111/j.1440-169X.1980.00011.x;P356;Q107101468;CREATE;None;1434977787
INFO;06/04/2021 12:29:11;10.1016/0167-8817(85)90023-9;P356;Q107101470;CREATE;None;1434977862
INFO;06/04/2021 12:29:17;10.3724/SP.J.1008.2009.01115;P356;Q107101472;CREATE;None;1434977907
INFO;06/04/2021 12:29:22;10.3147/jsfp.46.11;P356;Q107101473;CREATE;None;1434977947
INFO;06/04/2021 12:29:27;10.2974/kmj.62.1;P356;Q107101474;CREATE;None;1434977978
INFO;06/04/2021 12:29:33;10.1016/S0044-8486(02)00570-7;P356;Q107101475;CREATE;None;1434977994
INFO;06/04/2021 12:29:37;10.1247/csf.5.315;P356;Q107101476;CREATE;None;1434978016
INFO;06/04/2021 12:29:41;10.1111/j.1601-5223.1963.tb01894.x;P356;Q107101477;CREATE;None;1434978040
INFO;06/04/2021 12:29:59;10.5794/jjoms.31.264;P356;Q107101481;CREATE;None;1434978253
INFO;06/04/2021 12:30:09;10.1080/09540109609354900;P356;Q107101486;CREATE;None;1434978357
INFO;06/04/2021 12:30:16;10.5833/jjgs.28.615;P356;Q107101487;CREATE;None;1434978407
INFO;06/04/2021 12:30:23;10.4103/2468-5585.200513;P356;Q107101489;CREATE;None;1434978442
INFO;06/04/2021 12:30:31;10.1111/j.1095-8649.2004.0378.x;P356;Q107101490;CREATE;None;1434978509
INFO;06/04/2021 12:30:36;10.1002/jctb.1670;P356;Q107101491;CREATE;None;1434978537
INFO;06/04/2021 12:30:40;10.1016/S0031-9422(00)83851-0;P356;Q107101492;CREATE;None;1434978555
INFO;06/04/2021 12:30:45;10.1266/jjg.51.65;P356;Q107101493;CREATE;None;1434978581
INFO;06/04/2021 12:30:51;10.24450/journals/abrep.2019.e47;P356;Q107101494;CREATE;None;1434978632
INFO;06/04/2021 12:30:57;10.1002/cjce.5450690209;P356;Q107101496;CREATE;None;1434978726
INFO;06/04/2021 12:31:05;10.1007/s00343-016-5091-4;P356;Q107101497;CREATE;None;1434978861
INFO;06/04/2021 12:31:11;10.1007/BF02623290;P356;Q107101498;CREATE;None;1434978909
INFO;06/04/2021 12:31:18;10.1016/j.aspen.2012.09.004;P356;Q107101500;CREATE;None;1434978948
INFO;06/04/2021 12:31:24;10.1007/BF02620965;P356;Q107101501;CREATE;None;1434978986
INFO;06/04/2021 12:31:45;10.1182/blood.V118.21.5210.5210;P356;Q107101504;CREATE;None;1434979080
INFO;06/04/2021 12:31:50;10.1139/f81-125;P356;Q107101506;CREATE;None;1434979144
INFO;06/04/2021 12:32:00;10.1007/BF01545086;P356;Q107101507;CREATE;None;1434979255
INFO;06/04/2021 12:32:04;10.1177/0194599815593290e;P356;Q107101509;CREATE;None;1434979293
INFO;06/04/2021 12:32:09;10.4172/1948-5956.1000401;P356;Q107101510;CREATE;None;1434979354
INFO;06/04/2021 12:32:18;10.1111/jai.12539;P356;Q107101512;CREATE;None;1434979413
INFO;06/04/2021 12:32:25;10.3724/SP.J.1231.2013.38314;P356;Q107101513;CREATE;None;1434979449
INFO;06/04/2021 12:32:34;10.1111/j.1440-169X.1985.00599.x;P356;Q107101515;CREATE;None;1434979487
INFO;06/04/2021 12:32:42;10.3147/jsfp.18.13;P356;Q107101516;CREATE;None;1434979531
INFO;06/04/2021 12:32:54;10.1002/arch.940030307;P356;Q107101518;CREATE;None;1434979658
INFO;06/04/2021 12:33:01;10.1016/0022-2011(85)90147-8;P356;Q107101519;CREATE;None;1434979740
INFO;06/04/2021 12:33:06;10.1111/j.1447-0756.1980.tb00508.x;P356;Q107101522;CREATE;None;1434979803
INFO;06/04/2021 12:33:11;10.1007/BF02619328;P356;Q107101523;CREATE;None;1434979850
INFO;06/04/2021 12:33:30;10.3724/SP.J.1008.2009.00001;P356;Q107101525;CREATE;None;1434979952
INFO;06/04/2021 12:33:34;10.1262/jrd1977.37.37;P356;Q107101527;CREATE;None;1434979970
INFO;06/04/2021 12:33:41;10.2330/joralbiosci1965.23.899;P356;Q107101530;CREATE;None;1434979995
INFO;06/04/2021 12:33:48;10.2478/s11536-006-0007-x;P356;Q107101531;CREATE;None;1434980072
INFO;06/04/2021 12:33:51;10.1007/BF01797781;P356;Q107101532;CREATE;None;1434980120
INFO;06/04/2021 12:34:02;10.2331/suisan.53.537;P356;Q107101533;CREATE;None;1434980221
INFO;06/04/2021 12:34:08;10.1007/BF02618105;P356;Q107101534;CREATE;None;1434980281
INFO;06/04/2021 12:34:25;10.1021/jf00097a040;P356;Q107101537;CREATE;None;1434980362
ERROR;06/04/2021 12:34:30;10.4044/joma1947.97.7-8_701;P356;;"{'error': {'code': 'modification-failed', 'info': 'Item [[Q107101387|Q107101387]] already has label \'Experimental model of human lung cancer\' associated with language code en, using the same description text.', 'messages': [{'name': 'wikibase-validator-label-with-description-conflict', 'parameters': ['Experimental model of human lung cancer', 'en', '[[Q107101387|Q107101387]]'], 'html': {'*': 'Item <a href=\'/wiki/Q107101387\' title=\'Q107101387\'>Q107101387</a> already has label \'Experimental model of human lung cancer\' associated with language code en, using the same description text.'}}], '*': 'See https://www.wikidata.org/w/api.php for API usage. Subscribe to the mediawiki-api-announce mailing list at &lt;https://lists.wikimedia.org/mailman/listinfo/mediawiki-api-announce&gt; for notice of API deprecations and breaking changes.'}, 'servedby': 'mw1382'}";<class 'wikidataintegrator.wdi_core.NonUniqueLabelDescriptionPairError'>
INFO;06/04/2021 12:34:39;10.15369/sujms1989.9.45;P356;Q107101540;CREATE;None;1434980419
INFO;06/04/2021 12:34:44;10.4044/joma1947.76.4-6_215;P356;Q107101542;CREATE;None;1434980445
INFO;06/04/2021 12:34:50;10.1530/endoabs.49.EP154;P356;Q107101544;CREATE;None;1434980496
INFO;06/04/2021 12:35:01;10.1530/jme.1.01550e;P356;Q107101547;CREATE;None;1434980664
INFO;06/04/2021 12:35:10;10.1016/j.jcyt.2015.03.422;P356;Q107101549;CREATE;None;1434980755
INFO;06/04/2021 12:35:19;10.1016/j.aquaculture.2019.734211;P356;Q107101550;CREATE;None;1434980802
INFO;06/04/2021 12:35:31;10.1016/0378-5173(94)00280-I;P356;Q107101552;CREATE;None;1434980868
ERROR;06/04/2021 12:35:37;"10.1577/1548-8667(1998)010<0075:DOLTCL>2.0.CO;2";P356;;"{'error': {'code': 'modification-failed', 'info': 'URLs are not allowed to contain certain characters like spaces or square brackets: https://api.crossref.org/v1/works/http://dx.doi.org/10.1577/1548-8667(1998)010<0075:DOLTCL>2.0.CO;2', 'messages': [{'name': 'wikibase-validator-bad-url', 'parameters': ['https://api.crossref.org/v1/works/http://dx.doi.org/10.1577/1548-8667(1998)010<0075:DOLTCL>2.0.CO;2'], 'html': {'*': 'URLs are not allowed to contain certain characters like spaces or square brackets: <a rel=\'nofollow\' class=\'external free\' href=\'https://api.crossref.org/v1/works/http://dx.doi.org/10.1577/1548-8667(1998)010\'>https://api.crossref.org/v1/works/http://dx.doi.org/10.1577/1548-8667(1998)010</a>&lt;0075:DOLTCL&gt;2.0.CO;2'}}], '*': 'See https://www.wikidata.org/w/api.php for API usage. Subscribe to the mediawiki-api-announce mailing list at &lt;https://lists.wikimedia.org/mailman/listinfo/mediawiki-api-announce&gt; for notice of API deprecations and breaking changes.'}, 'servedby': 'mw1375'}";<class 'wikidataintegrator.wdi_core.WDApiError'>
INFO;06/04/2021 12:35:41;10.1007/BF01947579;P356;Q107101554;CREATE;None;1434980952
INFO;06/04/2021 12:35:46;10.1203/00006450-197804001-00732;P356;Q107101556;CREATE;None;1434981017
INFO;06/04/2021 12:35:55;10.11569/wcjd.v12.i9.2061;P356;Q107101558;CREATE;None;1434981112
ERROR;06/04/2021 12:36:16;"10.1577/1548-8667(1993)005<0137:EACOSC>2.3.CO;2";P356;;"{'error': {'code': 'modification-failed', 'info': 'URLs are not allowed to contain certain characters like spaces or square brackets: https://api.crossref.org/v1/works/http://dx.doi.org/10.1577/1548-8667(1993)005<0137:EACOSC>2.3.CO;2', 'messages': [{'name': 'wikibase-validator-bad-url', 'parameters': ['https://api.crossref.org/v1/works/http://dx.doi.org/10.1577/1548-8667(1993)005<0137:EACOSC>2.3.CO;2'], 'html': {'*': 'URLs are not allowed to contain certain characters like spaces or square brackets: <a rel=\'nofollow\' class=\'external free\' href=\'https://api.crossref.org/v1/works/http://dx.doi.org/10.1577/1548-8667(1993)005\'>https://api.crossref.org/v1/works/http://dx.doi.org/10.1577/1548-8667(1993)005</a>&lt;0137:EACOSC&gt;2.3.CO;2'}}], '*': 'See https://www.wikidata.org/w/api.php for API usage. Subscribe to the mediawiki-api-announce mailing list at &lt;https://lists.wikimedia.org/mailman/listinfo/mediawiki-api-announce&gt; for notice of API deprecations and breaking changes.'}, 'servedby': 'mw1392'}";<class 'wikidataintegrator.wdi_core.WDApiError'>
INFO;06/04/2021 12:36:22;10.1139/z76-180;P356;Q107101563;CREATE;None;1434981316
INFO;06/04/2021 12:36:28;10.1007/BF02624448;P356;Q107101564;CREATE;None;1434981350
ERROR;06/04/2021 12:37:04;"10.1577/1548-8667(1994)006<0260:SOFNSC>2.3.CO;2";P356;;"{'error': {'code': 'modification-failed', 'info': 'URLs are not allowed to contain certain characters like spaces or square brackets: https://api.crossref.org/v1/works/http://dx.doi.org/10.1577/1548-8667(1994)006<0260:SOFNSC>2.3.CO;2', 'messages': [{'name': 'wikibase-validator-bad-url', 'parameters': ['https://api.crossref.org/v1/works/http://dx.doi.org/10.1577/1548-8667(1994)006<0260:SOFNSC>2.3.CO;2'], 'html': {'*': 'URLs are not allowed to contain certain characters like spaces or square brackets: <a rel=\'nofollow\' class=\'external free\' href=\'https://api.crossref.org/v1/works/http://dx.doi.org/10.1577/1548-8667(1994)006\'>https://api.crossref.org/v1/works/http://dx.doi.org/10.1577/1548-8667(1994)006</a>&lt;0260:SOFNSC&gt;2.3.CO;2'}}], '*': 'See https://www.wikidata.org/w/api.php for API usage. Subscribe to the mediawiki-api-announce mailing list at &lt;https://lists.wikimedia.org/mailman/listinfo/mediawiki-api-announce&gt; for notice of API deprecations and breaking changes.'}, 'servedby': 'mw1312'}";<class 'wikidataintegrator.wdi_core.WDApiError'>
INFO;06/04/2021 12:37:12;10.1007/BF02796325;P356;Q107101572;CREATE;None;1434981772
INFO;06/04/2021 12:37:21;10.6014/jjomm1995.8.1;P356;Q107101573;CREATE;None;1434981820
INFO;06/04/2021 12:37:37;10.1007/BF02348185;P356;Q107101578;CREATE;None;1434981909
INFO;06/04/2021 12:37:49;10.1139/f80-139;P356;Q107101580;CREATE;None;1434982062
INFO;06/04/2021 12:37:52;10.1093/oxfordjournals.jjco.a038751;P356;Q107101582;CREATE;None;1434982092
INFO;06/04/2021 12:38:03;10.1007/s12161-019-01461-3;P356;Q107101584;CREATE;None;1434982227
INFO;06/04/2021 12:38:10;10.2174/1875043501205010035;P356;Q107101585;CREATE;None;1434982265
INFO;06/04/2021 12:38:19;10.3724/SP.J.1008.2008.00896;P356;Q107101587;CREATE;None;1434982313
INFO;06/04/2021 12:38:28;10.1080/09540109609354898;P356;Q107101588;CREATE;None;1434982376
INFO;06/04/2021 12:38:34;10.4044/joma1947.90.11-12_1377;P356;Q107101590;CREATE;None;1434982405
INFO;06/04/2021 12:38:39;10.1134/S1022795419100090;P356;Q107101591;CREATE;None;1434982476
INFO;06/04/2021 12:39:01;10.1006/fsim.1996.0076;P356;Q107101594;CREATE;None;1434982709
INFO;06/04/2021 12:39:11;10.1046/j.1095-8649.2003.00192.x;P356;Q107101596;CREATE;None;1434982792
INFO;06/04/2021 12:39:26;10.1016/j.actaastro.2013.06.007;P356;Q107101599;CREATE;None;1434982882
INFO;06/04/2021 12:39:35;10.1294/jes.11.75;P356;Q107101600;CREATE;None;1434982966
INFO;06/04/2021 12:39:39;10.12665/J63.Morgan;P356;Q107101602;CREATE;None;1434983026
INFO;06/04/2021 12:39:46;10.1182/blood.V124.21.5226.5226;P356;Q107101603;CREATE;None;1434983093
INFO;06/04/2021 12:39:52;10.9734/AJOB/2017/34783;P356;Q107101604;CREATE;None;1434983136
INFO;06/04/2021 12:39:57;10.1303/aez.20.496;P356;Q107101606;CREATE;None;1434983191
INFO;06/04/2021 12:40:11;10.4172/2472-1115.1000103;P356;Q107101609;CREATE;None;1434983329
INFO;06/04/2021 12:40:21;10.1182/blood-2019-132238;P356;Q107101610;CREATE;None;1434983369
INFO;06/04/2021 12:40:29;10.1016/j.jveb.2019.04.010;P356;Q107101612;CREATE;None;1434983407
INFO;06/04/2021 12:40:35;10.17795/gct-25568;P356;Q107101613;CREATE;None;1434983459
INFO;06/04/2021 12:40:41;10.1111/j.1365-2761.1989.tb01290.x;P356;Q107101615;CREATE;None;1434983539
INFO;06/04/2021 12:40:47;10.1021/jf00045a043;P356;Q107101617;CREATE;None;1434983577
INFO;06/04/2021 12:41:22;10.5812/gct.13360;P356;Q107101620;CREATE;None;1434983811
INFO;06/04/2021 12:41:30;10.1111/j.1439-0418.1979.tb02499.x;P356;Q107101621;CREATE;None;1434983852
INFO;06/04/2021 12:41:36;10.24450/journals/abrep.2019.e49;P356;Q107101623;CREATE;None;1434983927
INFO;06/04/2021 12:41:42;10.1016/0022-2011(88)90135-8;P356;Q107101625;CREATE;None;1434984000
INFO;06/04/2021 12:41:48;10.1088/1755-1315/315/7/072006;P356;Q107101626;CREATE;None;1434984027
ERROR;06/04/2021 12:41:54;"10.1577/1548-8667(1995)007<0231:LIRD>2.3.CO;2";P356;;"{'error': {'code': 'modification-failed', 'info': 'URLs are not allowed to contain certain characters like spaces or square brackets: https://api.crossref.org/v1/works/http://dx.doi.org/10.1577/1548-8667(1995)007<0231:LIRD>2.3.CO;2', 'messages': [{'name': 'wikibase-validator-bad-url', 'parameters': ['https://api.crossref.org/v1/works/http://dx.doi.org/10.1577/1548-8667(1995)007<0231:LIRD>2.3.CO;2'], 'html': {'*': 'URLs are not allowed to contain certain characters like spaces or square brackets: <a rel=\'nofollow\' class=\'external free\' href=\'https://api.crossref.org/v1/works/http://dx.doi.org/10.1577/1548-8667(1995)007\'>https://api.crossref.org/v1/works/http://dx.doi.org/10.1577/1548-8667(1995)007</a>&lt;0231:LIRD&gt;2.3.CO;2'}}], '*': 'See https://www.wikidata.org/w/api.php for API usage. Subscribe to the mediawiki-api-announce mailing list at &lt;https://lists.wikimedia.org/mailman/listinfo/mediawiki-api-announce&gt; for notice of API deprecations and breaking changes.'}, 'servedby': 'mw1341'}";<class 'wikidataintegrator.wdi_core.WDApiError'>
INFO;06/04/2021 12:42:01;10.1016/j.bej.2003.09.013;P356;Q107101631;CREATE;None;1434984161
INFO;06/04/2021 12:42:11;10.1007/BF00919720;P356;Q107101633;CREATE;None;1434984225
INFO;06/04/2021 12:42:17;10.1016/S0014-4908(76)80012-9;P356;Q107101635;CREATE;None;1434984259
INFO;06/04/2021 12:42:26;10.1303/aez.2002.171;P356;Q107101637;CREATE;None;1434984312
INFO;06/04/2021 12:42:31;10.1007/BF00199208;P356;Q107101638;CREATE;None;1434984370
INFO;06/04/2021 12:42:35;10.4044/joma1947.92.5-6_763;P356;Q107101639;CREATE;None;1434984433
INFO;06/04/2021 12:42:39;10.24450/journals/abrep.2019.e59;P356;Q107101640;CREATE;None;1434984482
INFO;06/04/2021 12:42:46;10.1016/0022-1910(94)90067-1;P356;Q107101642;CREATE;None;1434984529
INFO;06/04/2021 12:42:50;10.1303/aez.2000.245;P356;Q107101643;CREATE;None;1434984557
INFO;06/04/2021 12:42:58;10.1007/s11805-008-0044-0;P356;Q107101645;CREATE;None;1434984642
INFO;06/04/2021 12:43:06;10.1139/f89-188;P356;Q107101646;CREATE;None;1434984719
INFO;06/04/2021 12:43:16;10.1002/etc.5620100212;P356;Q107101649;CREATE;None;1434984775
INFO;06/04/2021 12:43:22;10.1038/nbt1189-1163;P356;Q107101650;CREATE;None;1434984811
INFO;06/04/2021 12:43:34;10.1055/s-2003-822252;P356;Q107101652;CREATE;None;1434984951
INFO;06/04/2021 12:43:43;10.1007/s11802-010-0162-1;P356;Q107101653;CREATE;None;1434985025
INFO;06/04/2021 12:43:51;10.1006/fsim.1995.0042;P356;Q107101655;CREATE;None;1434985093
INFO;06/04/2021 12:43:59;10.1007/s10330-009-0051-5;P356;Q107101657;CREATE;None;1434985192
INFO;06/04/2021 12:44:04;10.1016/j.fertnstert.2008.07.435;P356;Q107101659;CREATE;None;1434985229
INFO;06/04/2021 12:44:22;10.4103/ctm.ctm_34_17;P356;Q107101661;CREATE;None;1434985315
INFO;06/04/2021 12:44:26;10.12729/jbr.2015.16.1.006;P356;Q107101662;CREATE;None;1434985353
INFO;06/04/2021 12:44:34;10.1007/s40011-016-0751-x;P356;Q107101663;CREATE;None;1434985481
INFO;06/04/2021 12:44:52;10.1016/S1348-8643(11)00009-7;P356;Q107101665;CREATE;None;1434985616
INFO;06/04/2021 12:45:04;10.1007/s00343-019-9084-y;P356;Q107101667;CREATE;None;1434985738
INFO;06/04/2021 12:45:33;10.3109/10428199209053591;P356;Q107101671;CREATE;None;1434985940
INFO;06/04/2021 12:45:37;10.24450/journals/abrep.2019.e51;P356;Q107101672;CREATE;None;1434985978
INFO;06/04/2021 12:45:43;10.1139/f78-164;P356;Q107101674;CREATE;None;1434986010
INFO;06/04/2021 12:45:51;10.1016/S2095-3119(16)61453-3;P356;Q107101676;CREATE;None;1434986088
INFO;06/04/2021 12:45:58;10.1007/BF02372282;P356;Q107101677;CREATE;None;1434986161
INFO;06/04/2021 12:46:04;10.24450/journals/abrep.2019.e23;P356;Q107101678;CREATE;None;1434986195
INFO;06/04/2021 12:46:15;10.1016/j.aquaculture.2020.736027;P356;Q107101680;CREATE;None;1434986245
INFO;06/04/2021 12:46:20;10.1080/03235409009438961;P356;Q107101682;CREATE;None;1434986269
INFO;06/04/2021 12:46:23;10.2187/bss.6.147;P356;Q107101683;CREATE;None;1434986284
INFO;06/04/2021 12:46:34;10.1016/j.aquaculture.2020.736127;P356;Q107101685;CREATE;None;1434986421
INFO;06/04/2021 12:46:48;10.1111/j.1365-2109.2012.03227.x;P356;Q107101688;CREATE;None;1434986544
INFO;06/04/2021 12:46:56;10.1016/0044-8486(94)00382-X;P356;Q107101690;CREATE;None;1434986619
INFO;06/04/2021 12:47:12;10.1007/BF02618358;P356;Q107101692;CREATE;None;1434986710
INFO;06/04/2021 12:47:17;10.2745/dds.18.86;P356;Q107101694;CREATE;None;1434986742
INFO;06/04/2021 12:47:32;10.3147/jsfp.28.27;P356;Q107101696;CREATE;None;1434986894
INFO;06/04/2021 12:47:45;10.1046/j.1365-2761.2002.00371.x;P356;Q107101698;CREATE;None;1434986991
INFO;06/04/2021 12:47:55;10.1007/BF00204739;P356;Q107101700;CREATE;None;1434987112
INFO;06/04/2021 12:48:01;10.1007/BF02796321;P356;Q107101701;CREATE;None;1434987155
INFO;06/04/2021 12:48:12;10.1007/BF02782609;P356;Q107101703;CREATE;None;1434987216
INFO;06/04/2021 12:48:19;10.1007/BF02431733;P356;Q107101704;CREATE;None;1434987257
INFO;06/04/2021 12:48:28;10.1016/0165-4608(89)90568-2;P356;Q107101706;CREATE;None;1434987360
INFO;06/04/2021 12:48:32;10.2108/zsj.18.483;P356;Q107101707;CREATE;None;1434987415
INFO;06/04/2021 12:48:41;10.1007/s13237-020-00345-w;P356;Q107101708;CREATE;None;1434987454
INFO;06/04/2021 12:48:49;10.1016/S0022-2011(94)90400-6;P356;Q107101710;CREATE;None;1434987575
INFO;06/04/2021 12:48:53;10.1016/0022-2011(81)90084-7;P356;Q107101711;CREATE;None;1434987609
INFO;06/04/2021 12:49:00;10.5657/FAS.2013.0177;P356;Q107101714;CREATE;None;1434987646
INFO;06/04/2021 12:49:07;10.3147/jsfp.26.109;P356;Q107101715;CREATE;None;1434987679
INFO;06/04/2021 12:49:17;10.1007/BF02887100;P356;Q107101718;CREATE;None;1434987748
INFO;06/04/2021 12:49:23;10.1016/0165-4608(96)85256-3;P356;Q107101719;CREATE;None;1434987813
INFO;06/04/2021 12:49:33;10.1016/j.bbe.2019.12.006;P356;Q107101721;CREATE;None;1434987928
INFO;06/04/2021 12:49:38;10.3960/jslrt1961.28.19;P356;Q107101722;CREATE;None;1434987955
INFO;06/04/2021 12:49:51;10.2307/1308677;P356;Q107101724;CREATE;None;1434988114
INFO;06/04/2021 12:50:07;10.1038/nbt0296-197;P356;Q107101726;CREATE;None;1434988208
INFO;06/04/2021 12:50:16;10.1182/blood.V112.11.2732.2732;P356;Q107101730;CREATE;None;1434988270
INFO;06/04/2021 12:50:23;10.1039/C9RA05352B;P356;Q107101731;CREATE;None;1434988373
INFO;06/04/2021 12:50:29;10.1046/j.1365-2761.1999.00152.x;P356;Q107101732;CREATE;None;1434988442
INFO;06/04/2021 12:50:35;10.1111/are.12813;P356;Q107101734;CREATE;None;1434988481
INFO;06/04/2021 12:50:43;10.1016/0044-8486(94)00394-4;P356;Q107101735;CREATE;None;1434988524
INFO;06/04/2021 12:50:48;10.1016/0022-2011(86)90124-2;P356;Q107101736;CREATE;None;1434988595
INFO;06/04/2021 12:50:55;10.1016/j.aquaculture.2009.05.010;P356;Q107101738;CREATE;None;1434988687
INFO;06/04/2021 12:51:01;10.1111/j.1744-7917.2008.00229.x;P356;Q107101739;CREATE;None;1434988731
INFO;06/04/2021 12:51:11;10.2220/biomedres.5.19;P356;Q107101744;CREATE;None;1434988782
INFO;06/04/2021 12:51:28;10.1007/s12686-016-0640-x;P356;Q107101747;CREATE;None;1434988952
INFO;06/04/2021 12:51:33;10.1007/BF02628399;P356;Q107101748;CREATE;None;1434988996
INFO;06/04/2021 12:51:38;10.3923/jas.2007.4040.4043;P356;Q107101749;CREATE;None;1434989021
INFO;06/04/2021 12:51:42;10.1303/aez.18.533;P356;Q107101750;CREATE;None;1434989062
INFO;06/04/2021 12:51:48;10.1007/BF02619626;P356;Q107101752;CREATE;None;1434989140
INFO;06/04/2021 12:51:54;10.1007/BF01404489;P356;Q107101754;CREATE;None;1434989196
INFO;06/04/2021 12:52:08;10.1046/j.1365-2761.2000.00247.x;P356;Q107101756;CREATE;None;1434989283
INFO;06/04/2021 12:52:13;10.1139/z85-337;P356;Q107101757;CREATE;None;1434989309
INFO;06/04/2021 12:52:19;10.3147/jsfp.26.69;P356;Q107101759;CREATE;None;1434989340
INFO;06/04/2021 12:52:27;10.1182/blood-2019-127330;P356;Q107101761;CREATE;None;1434989438
INFO;06/04/2021 12:52:33;10.1111/j.1748-7692.1994.tb00389.x;P356;Q107101763;CREATE;None;1434989513
INFO;06/04/2021 12:52:39;10.1016/S1472-6483(10)62372-3;P356;Q107101764;CREATE;None;1434989564
INFO;06/04/2021 12:52:45;10.5795/jjscc.21.160;P356;Q107101766;CREATE;None;1434989638
INFO;06/04/2021 12:52:49;10.1007/s11626-009-9201-x;P356;Q107101767;CREATE;None;1434989706
INFO;06/04/2021 12:53:01;10.1111/j.1439-0418.1981.tb04445.x;P356;Q107101770;CREATE;None;1434989796
INFO;06/04/2021 12:53:08;10.1007/BF02997220;P356;Q107101771;CREATE;None;1434989843
INFO;06/04/2021 12:53:25;10.1016/S0769-2617(81)80057-3;P356;Q107101773;CREATE;None;1434989955
INFO;06/04/2021 12:53:34;10.5713/ajas.2004.1338;P356;Q107101776;CREATE;None;1434990090
INFO;06/04/2021 12:53:41;10.3354/dao001209;P356;Q107101777;CREATE;None;1434990165
INFO;06/04/2021 12:53:48;10.1016/j.cbpa.2007.01.072;P356;Q107101779;CREATE;None;1434990255
INFO;06/04/2021 12:54:01;10.4172/2155-9910.1000192;P356;Q107101781;CREATE;None;1434990332
ERROR;06/04/2021 12:54:08;"10.1577/1548-8667(1993)005<0127:COTCCL>2.3.CO;2";P356;;"{'error': {'code': 'modification-failed', 'info': 'URLs are not allowed to contain certain characters like spaces or square brackets: https://api.crossref.org/v1/works/http://dx.doi.org/10.1577/1548-8667(1993)005<0127:COTCCL>2.3.CO;2', 'messages': [{'name': 'wikibase-validator-bad-url', 'parameters': ['https://api.crossref.org/v1/works/http://dx.doi.org/10.1577/1548-8667(1993)005<0127:COTCCL>2.3.CO;2'], 'html': {'*': 'URLs are not allowed to contain certain characters like spaces or square brackets: <a rel=\'nofollow\' class=\'external free\' href=\'https://api.crossref.org/v1/works/http://dx.doi.org/10.1577/1548-8667(1993)005\'>https://api.crossref.org/v1/works/http://dx.doi.org/10.1577/1548-8667(1993)005</a>&lt;0127:COTCCL&gt;2.3.CO;2'}}], '*': 'See https://www.wikidata.org/w/api.php for API usage. Subscribe to the mediawiki-api-announce mailing list at &lt;https://lists.wikimedia.org/mailman/listinfo/mediawiki-api-announce&gt; for notice of API deprecations and breaking changes.'}, 'servedby': 'mw1379'}";<class 'wikidataintegrator.wdi_core.WDApiError'>
INFO;06/04/2021 12:54:19;10.5795/jjscc.29.509;P356;Q107101784;CREATE;None;1434990431
INFO;06/04/2021 12:54:22;10.24450/journals/abrep.2019.e50;P356;Q107101786;CREATE;None;1434990456
INFO;06/04/2021 12:54:26;10.1093/jmedent/17.4.338;P356;Q107101787;CREATE;None;1434990492
INFO;06/04/2021 12:54:32;10.5795/jjscc.31.966;P356;Q107101788;CREATE;None;1434990579
INFO;06/04/2021 12:54:37;10.24450/journals/abrep.2019.e43;P356;Q107101790;CREATE;None;1434990612
INFO;06/04/2021 12:54:48;10.1385/CP:1:3-4:313;P356;Q107101792;CREATE;None;1434990743
INFO;06/04/2021 12:54:57;10.1530/endoabs.70.AEP83;P356;Q107101795;CREATE;None;1434990801
INFO;06/04/2021 12:55:07;10.1016/j.aquaculture.2010.11.037;P356;Q107101797;CREATE;None;1434990864
INFO;06/04/2021 12:55:12;10.1007/BF01561430;P356;Q107101799;CREATE;None;1434990897
INFO;06/04/2021 12:55:21;10.24450/journals/abrep.2019.e57;P356;Q107101801;CREATE;None;1434990955
INFO;06/04/2021 12:55:29;10.1139/f77-017;P356;Q107101804;CREATE;None;1434991079
INFO;06/04/2021 12:55:35;10.1007/BF00012053;P356;Q107101805;CREATE;None;1434991121
INFO;06/04/2021 12:55:39;10.3390/pr1030296;P356;Q107101806;CREATE;None;1434991147
INFO;06/04/2021 12:55:45;10.1007/s11434-011-4622-9;P356;Q107101808;CREATE;None;1434991222
INFO;06/04/2021 12:55:50;10.24450/journals/abrep.2019.e58;P356;Q107101809;CREATE;None;1434991291
INFO;06/04/2021 12:55:57;10.5794/jjoms.37.1797;P356;Q107101810;CREATE;None;1434991330
INFO;06/04/2021 12:56:01;10.1303/aez.30.75;P356;Q107101812;CREATE;None;1434991351
INFO;06/04/2021 12:56:05;10.2482/haigan.32.223;P356;Q107101813;CREATE;None;1434991365
INFO;06/04/2021 12:56:11;10.1111/j.1440-169X.1981.00063.x;P356;Q107101814;CREATE;None;1434991387
INFO;06/04/2021 12:56:18;10.1016/j.foodchem.2009.03.097;P356;Q107101816;CREATE;None;1434991412
INFO;06/04/2021 12:56:24;10.4172/2157-7145.S2-005;P356;Q107101817;CREATE;None;1434991452
ERROR;06/04/2021 12:56:36;"10.1577/1548-8667(1993)005<0119:DOCCDF>2.3.CO;2";P356;;"{'error': {'code': 'modification-failed', 'info': 'URLs are not allowed to contain certain characters like spaces or square brackets: https://api.crossref.org/v1/works/http://dx.doi.org/10.1577/1548-8667(1993)005<0119:DOCCDF>2.3.CO;2', 'messages': [{'name': 'wikibase-validator-bad-url', 'parameters': ['https://api.crossref.org/v1/works/http://dx.doi.org/10.1577/1548-8667(1993)005<0119:DOCCDF>2.3.CO;2'], 'html': {'*': 'URLs are not allowed to contain certain characters like spaces or square brackets: <a rel=\'nofollow\' class=\'external free\' href=\'https://api.crossref.org/v1/works/http://dx.doi.org/10.1577/1548-8667(1993)005\'>https://api.crossref.org/v1/works/http://dx.doi.org/10.1577/1548-8667(1993)005</a>&lt;0119:DOCCDF&gt;2.3.CO;2'}}], '*': 'See https://www.wikidata.org/w/api.php for API usage. Subscribe to the mediawiki-api-announce mailing list at &lt;https://lists.wikimedia.org/mailman/listinfo/mediawiki-api-announce&gt; for notice of API deprecations and breaking changes.'}, 'servedby': 'mw1361'}";<class 'wikidataintegrator.wdi_core.WDApiError'>
ERROR;06/04/2021 12:56:41;"10.1577/1548-8454(2003)065<0044:SNTOTG>2.0.CO;2";P356;;"{'error': {'code': 'modification-failed', 'info': 'URLs are not allowed to contain certain characters like spaces or square brackets: https://api.crossref.org/v1/works/http://dx.doi.org/10.1577/1548-8454(2003)065<0044:SNTOTG>2.0.CO;2', 'messages': [{'name': 'wikibase-validator-bad-url', 'parameters': ['https://api.crossref.org/v1/works/http://dx.doi.org/10.1577/1548-8454(2003)065<0044:SNTOTG>2.0.CO;2'], 'html': {'*': 'URLs are not allowed to contain certain characters like spaces or square brackets: <a rel=\'nofollow\' class=\'external free\' href=\'https://api.crossref.org/v1/works/http://dx.doi.org/10.1577/1548-8454(2003)065\'>https://api.crossref.org/v1/works/http://dx.doi.org/10.1577/1548-8454(2003)065</a>&lt;0044:SNTOTG&gt;2.0.CO;2'}}], '*': 'See https://www.wikidata.org/w/api.php for API usage. Subscribe to the mediawiki-api-announce mailing list at &lt;https://lists.wikimedia.org/mailman/listinfo/mediawiki-api-announce&gt; for notice of API deprecations and breaking changes.'}, 'servedby': 'mw1382'}";<class 'wikidataintegrator.wdi_core.WDApiError'>
INFO;06/04/2021 12:56:48;10.1007/BF01049456;P356;Q107101831;CREATE;None;1434991693
INFO;06/04/2021 12:57:00;10.1134/S102279541908012X;P356;Q107101838;CREATE;None;1434991793
INFO;06/04/2021 12:57:07;10.1016/j.jaci.2013.12.226;P356;Q107101845;CREATE;None;1434991834
INFO;06/04/2021 12:57:18;10.2220/biomedres.5.517;P356;Q107101855;CREATE;None;1434991895
INFO;06/04/2021 12:57:23;10.1016/0022-2011(91)90151-F;P356;Q107101857;CREATE;None;1434991914
INFO;06/04/2021 12:57:33;10.1603/AN13022;P356;Q107101866;CREATE;None;1434992055
INFO;06/04/2021 12:57:41;10.5795/jjscc.30.473;P356;Q107101868;CREATE;None;1434992108
ERROR;06/04/2021 12:57:45;"10.1577/1548-8667(1990)002<0061:COACLD>2.3.CO;2";P356;;"{'error': {'code': 'modification-failed', 'info': 'URLs are not allowed to contain certain characters like spaces or square brackets: https://api.crossref.org/v1/works/http://dx.doi.org/10.1577/1548-8667(1990)002<0061:COACLD>2.3.CO;2', 'messages': [{'name': 'wikibase-validator-bad-url', 'parameters': ['https://api.crossref.org/v1/works/http://dx.doi.org/10.1577/1548-8667(1990)002<0061:COACLD>2.3.CO;2'], 'html': {'*': 'URLs are not allowed to contain certain characters like spaces or square brackets: <a rel=\'nofollow\' class=\'external free\' href=\'https://api.crossref.org/v1/works/http://dx.doi.org/10.1577/1548-8667(1990)002\'>https://api.crossref.org/v1/works/http://dx.doi.org/10.1577/1548-8667(1990)002</a>&lt;0061:COACLD&gt;2.3.CO;2'}}], '*': 'See https://www.wikidata.org/w/api.php for API usage. Subscribe to the mediawiki-api-announce mailing list at &lt;https://lists.wikimedia.org/mailman/listinfo/mediawiki-api-announce&gt; for notice of API deprecations and breaking changes.'}, 'servedby': 'mw1363'}";<class 'wikidataintegrator.wdi_core.WDApiError'>
INFO;06/04/2021 12:57:56;10.1016/S0044-8486(00)00465-8;P356;Q107101871;CREATE;None;1434992258
INFO;06/04/2021 12:58:00;10.4172/2157-7560.S1.022;P356;Q107101872;CREATE;None;1434992273
INFO;06/04/2021 12:58:06;10.1006/abbi.1994.1169;P356;Q107101873;CREATE;None;1434992301
INFO;06/04/2021 12:58:20;10.1099/0022-1317-54-1-23;P356;Q107101875;CREATE;None;1434992362
INFO;06/04/2021 12:58:27;10.3954/1523-5475-25.2.81;P356;Q107101876;CREATE;None;1434992396
INFO;06/04/2021 12:58:40;10.4051/ibc.2010.2.4.0014;P356;Q107101878;CREATE;None;1434992546
INFO;06/04/2021 12:58:46;10.1086/302394;P356;Q107101881;CREATE;None;1434992630
INFO;06/04/2021 12:58:54;10.1007/BF02877059;P356;Q107101882;CREATE;None;1434992692
INFO;06/04/2021 12:59:00;10.1016/0022-1910(75)90074-8;P356;Q107101884;CREATE;None;1434992727
INFO;06/04/2021 12:59:06;10.1016/S1386-6346(99)00010-8;P356;Q107101885;CREATE;None;1434992761
INFO;06/04/2021 12:59:11;10.4044/joma1947.92.3-4_289;P356;Q107101886;CREATE;None;1434992797
INFO;06/04/2021 12:59:16;10.24450/journals/abrep.2019.e46;P356;Q107101888;CREATE;None;1434992826
INFO;06/04/2021 12:59:25;10.2108/zsj.15.277;P356;Q107101890;CREATE;None;1434992893
INFO;06/04/2021 12:59:32;10.1016/j.asr.2006.02.060;P356;Q107101892;CREATE;None;1434992989
INFO;06/04/2021 12:59:37;10.1007/BF02620830;P356;Q107101894;CREATE;None;1434993077
INFO;06/04/2021 12:59:45;10.1007/s11802-015-2920-6;P356;Q107101896;CREATE;None;1434993153
INFO;06/04/2021 12:59:51;10.6090/jarq.49.85;P356;Q107101898;CREATE;None;1434993233
INFO;06/04/2021 12:59:58;10.2177/jsci.6.279;P356;Q107101899;CREATE;None;1434993297
INFO;06/04/2021 13:00:03;10.24450/journals/abrep.2019.e55;P356;Q107101900;CREATE;None;1434993328
INFO;06/04/2021 13:00:05;10.1158/1078-0432.CCR-13-1821;P356;Q107101901;CREATE;None;1434993349
INFO;06/04/2021 13:00:09;10.1007/BF02623546;P356;Q107101903;CREATE;None;1434993379
INFO;06/04/2021 13:00:26;10.5794/jjoms.36.307;P356;Q107101907;CREATE;None;1434993504
INFO;06/04/2021 13:01:03;10.2331/suisan.44.415;P356;Q107101913;CREATE;None;1434993933
INFO;06/04/2021 13:01:07;10.4044/joma1947.104.9-10_905;P356;Q107101914;CREATE;None;1434993955
INFO;06/04/2021 13:01:14;10.5795/jjscc.27.926;P356;Q107101916;CREATE;None;1434994009
INFO;06/04/2021 13:01:20;10.1007/BF01576940;P356;Q107101918;CREATE;None;1434994054
INFO;06/04/2021 13:01:30;10.1021/jf00090a018;P356;Q107101922;CREATE;None;1434994152
INFO;06/04/2021 13:01:58;10.2220/biomedres.9.367;P356;Q107101928;CREATE;None;1434994471
INFO;06/04/2021 13:02:04;10.1016/0022-2011(90)90038-8;P356;Q107101930;CREATE;None;1434994508
INFO;06/04/2021 13:02:22;10.1007/BF00205883;P356;Q107101934;CREATE;None;1434994628
INFO;06/04/2021 13:02:26;10.2177/jsci.11.346;P356;Q107101935;CREATE;None;1434994674
INFO;06/04/2021 13:02:31;10.4044/joma1947.76.1-3_1;P356;Q107101937;CREATE;None;1434994754
INFO;06/04/2021 13:02:38;10.1016/0145-2126(77)90063-7;P356;Q107101939;CREATE;None;1434994829
INFO;06/04/2021 13:02:45;10.1111/j.1095-8649.2006.01155.x;P356;Q107101941;CREATE;None;1434994938
ERROR;06/04/2021 13:02:55;"10.1002/1438-826X(200005)1:1<48::AID-GNFD48>3.0.CO;2-B";P356;;"{'error': {'code': 'modification-failed', 'info': 'URLs are not allowed to contain certain characters like spaces or square brackets: https://api.crossref.org/v1/works/http://dx.doi.org/10.1002/1438-826X(200005)1:1<48::AID-GNFD48>3.0.CO;2-B', 'messages': [{'name': 'wikibase-validator-bad-url', 'parameters': ['https://api.crossref.org/v1/works/http://dx.doi.org/10.1002/1438-826X(200005)1:1<48::AID-GNFD48>3.0.CO;2-B'], 'html': {'*': 'URLs are not allowed to contain certain characters like spaces or square brackets: <a rel=\'nofollow\' class=\'external free\' href=\'https://api.crossref.org/v1/works/http://dx.doi.org/10.1002/1438-826X(200005)1:1\'>https://api.crossref.org/v1/works/http://dx.doi.org/10.1002/1438-826X(200005)1:1</a>&lt;48::AID-GNFD48&gt;3.0.CO;2-B'}}], '*': 'See https://www.wikidata.org/w/api.php for API usage. Subscribe to the mediawiki-api-announce mailing list at &lt;https://lists.wikimedia.org/mailman/listinfo/mediawiki-api-announce&gt; for notice of API deprecations and breaking changes.'}, 'servedby': 'mw1410'}";<class 'wikidataintegrator.wdi_core.WDApiError'>
INFO;06/04/2021 13:03:00;10.24450/journals/abrep.2019.e54;P356;Q107101944;CREATE;None;1434995058
INFO;06/04/2021 13:03:07;10.1016/0022-2011(89)90145-6;P356;Q107101945;CREATE;None;1434995099
INFO;06/04/2021 13:03:12;10.1266/jjg.47.211;P356;Q107101947;CREATE;None;1434995127
INFO;06/04/2021 13:03:18;10.5539/ijb.v11n4p36;P356;Q107101949;CREATE;None;1434995173
INFO;06/04/2021 13:03:26;10.5795/jjscc.26.433;P356;Q107101952;CREATE;None;1434995292
INFO;06/04/2021 13:03:31;10.1139/f73-152;P356;Q107101953;CREATE;None;1434995355
INFO;06/04/2021 13:03:35;10.1111/j.1749-7345.2005.tb00402.x;P356;Q107101954;CREATE;None;1434995384
INFO;06/04/2021 13:04:06;10.1016/j.aquaculture.2009.05.012;P356;Q107101957;CREATE;None;1434995642
INFO;06/04/2021 13:04:27;10.1111/j.1365-2109.2009.02253.x;P356;Q107101962;CREATE;None;1434995821
INFO;06/04/2021 13:04:36;10.1016/S0143-4004(97)80089-6;P356;Q107101964;CREATE;None;1434995920
INFO;06/04/2021 13:04:45;10.5794/jjoms.23.619;P356;Q107101966;CREATE;None;1434996040
INFO;06/04/2021 13:04:50;10.1016/S0044-8486(98)00329-9;P356;Q107101967;CREATE;None;1434996081
INFO;06/04/2021 13:04:58;10.17352/jvi.000020;P356;Q107101969;CREATE;None;1434996125
INFO;06/04/2021 13:05:05;10.1303/aez.18.262;P356;Q107101970;CREATE;None;1434996167
INFO;06/04/2021 13:05:12;10.1021/jf00073a026;P356;Q107101973;CREATE;None;1434996203
